{"/Users/hayrikayar/Desktop/RaporlamaProject6/frontend/.astro/content-assets.mjs": {"path":"/Users/hayrikayar/Desktop/RaporlamaProject6/frontend/.astro/content-assets.mjs","all":true,"statementMap":{"0":{"start":{"line":1,"column":0},"end":{"line":1,"column":25}}},"s":{"0":0},"branchMap":{"0":{"type":"branch","line":1,"loc":{"start":{"line":1,"column":0},"end":{"line":1,"column":14}},"locations":[{"start":{"line":1,"column":0},"end":{"line":1,"column":14}}]}},"b":{"0":[0]},"fnMap":{"0":{"name":"(empty-report)","decl":{"start":{"line":1,"column":0},"end":{"line":1,"column":14}},"loc":{"start":{"line":1,"column":0},"end":{"line":1,"column":14}},"line":1}},"f":{"0":0}}
,"/Users/hayrikayar/Desktop/RaporlamaProject6/frontend/.astro/content-modules.mjs": {"path":"/Users/hayrikayar/Desktop/RaporlamaProject6/frontend/.astro/content-modules.mjs","all":true,"statementMap":{"0":{"start":{"line":1,"column":0},"end":{"line":1,"column":25}}},"s":{"0":0},"branchMap":{"0":{"type":"branch","line":1,"loc":{"start":{"line":1,"column":0},"end":{"line":1,"column":14}},"locations":[{"start":{"line":1,"column":0},"end":{"line":1,"column":14}}]}},"b":{"0":[0]},"fnMap":{"0":{"name":"(empty-report)","decl":{"start":{"line":1,"column":0},"end":{"line":1,"column":14}},"loc":{"start":{"line":1,"column":0},"end":{"line":1,"column":14}},"line":1}},"f":{"0":0}}
,"/Users/hayrikayar/Desktop/RaporlamaProject6/frontend/.vercel/output/static/_astro/AdminPageIsland.iYV4BctR.js": {"path":"/Users/hayrikayar/Desktop/RaporlamaProject6/frontend/.vercel/output/static/_astro/AdminPageIsland.iYV4BctR.js","all":true,"statementMap":{"0":{"start":{"line":1,"column":0},"end":{"line":1,"column":11156}}},"s":{"0":0},"branchMap":{"0":{"type":"branch","line":1,"loc":{"start":{"line":1,"column":0},"end":{"line":1,"column":7912}},"locations":[{"start":{"line":1,"column":0},"end":{"line":1,"column":7912}}]}},"b":{"0":[0]},"fnMap":{"0":{"name":"(empty-report)","decl":{"start":{"line":1,"column":0},"end":{"line":1,"column":7912}},"loc":{"start":{"line":1,"column":0},"end":{"line":1,"column":7912}},"line":1}},"f":{"0":0}}
,"/Users/hayrikayar/Desktop/RaporlamaProject6/frontend/.vercel/output/static/_astro/AdminReportsIsland.DUKI4A4y.js": {"path":"/Users/hayrikayar/Desktop/RaporlamaProject6/frontend/.vercel/output/static/_astro/AdminReportsIsland.DUKI4A4y.js","all":true,"statementMap":{"0":{"start":{"line":1,"column":0},"end":{"line":1,"column":2409}}},"s":{"0":0},"branchMap":{"0":{"type":"branch","line":1,"loc":{"start":{"line":1,"column":0},"end":{"line":1,"column":1465}},"locations":[{"start":{"line":1,"column":0},"end":{"line":1,"column":1465}}]}},"b":{"0":[0]},"fnMap":{"0":{"name":"(empty-report)","decl":{"start":{"line":1,"column":0},"end":{"line":1,"column":1465}},"loc":{"start":{"line":1,"column":0},"end":{"line":1,"column":1465}},"line":1}},"f":{"0":0}}
,"/Users/hayrikayar/Desktop/RaporlamaProject6/frontend/.vercel/output/static/_astro/AuthGuard.BcI6ZWc3.js": {"path":"/Users/hayrikayar/Desktop/RaporlamaProject6/frontend/.vercel/output/static/_astro/AuthGuard.BcI6ZWc3.js","all":true,"statementMap":{"0":{"start":{"line":1,"column":0},"end":{"line":1,"column":1543}}},"s":{"0":0},"branchMap":{"0":{"type":"branch","line":1,"loc":{"start":{"line":1,"column":0},"end":{"line":1,"column":1025}},"locations":[{"start":{"line":1,"column":0},"end":{"line":1,"column":1025}}]}},"b":{"0":[0]},"fnMap":{"0":{"name":"(empty-report)","decl":{"start":{"line":1,"column":0},"end":{"line":1,"column":1025}},"loc":{"start":{"line":1,"column":0},"end":{"line":1,"column":1025}},"line":1}},"f":{"0":0}}
,"/Users/hayrikayar/Desktop/RaporlamaProject6/frontend/.vercel/output/static/_astro/BrandKpiListIsland.BqdneBFL.js": {"path":"/Users/hayrikayar/Desktop/RaporlamaProject6/frontend/.vercel/output/static/_astro/BrandKpiListIsland.BqdneBFL.js","all":true,"statementMap":{"0":{"start":{"line":1,"column":0},"end":{"line":1,"column":11996}}},"s":{"0":0},"branchMap":{"0":{"type":"branch","line":1,"loc":{"start":{"line":1,"column":0},"end":{"line":1,"column":9947}},"locations":[{"start":{"line":1,"column":0},"end":{"line":1,"column":9947}}]}},"b":{"0":[0]},"fnMap":{"0":{"name":"(empty-report)","decl":{"start":{"line":1,"column":0},"end":{"line":1,"column":9947}},"loc":{"start":{"line":1,"column":0},"end":{"line":1,"column":9947}},"line":1}},"f":{"0":0}}
,"/Users/hayrikayar/Desktop/RaporlamaProject6/frontend/.vercel/output/static/_astro/BrandManagement.BvatGq-c.js": {"path":"/Users/hayrikayar/Desktop/RaporlamaProject6/frontend/.vercel/output/static/_astro/BrandManagement.BvatGq-c.js","all":true,"statementMap":{"0":{"start":{"line":1,"column":0},"end":{"line":1,"column":8633}}},"s":{"0":0},"branchMap":{"0":{"type":"branch","line":1,"loc":{"start":{"line":1,"column":0},"end":{"line":1,"column":5882}},"locations":[{"start":{"line":1,"column":0},"end":{"line":1,"column":5882}}]}},"b":{"0":[0]},"fnMap":{"0":{"name":"(empty-report)","decl":{"start":{"line":1,"column":0},"end":{"line":1,"column":5882}},"loc":{"start":{"line":1,"column":0},"end":{"line":1,"column":5882}},"line":1}},"f":{"0":0}}
,"/Users/hayrikayar/Desktop/RaporlamaProject6/frontend/.vercel/output/static/_astro/ClientErrorReporter.D6qfGYNI.js": {"path":"/Users/hayrikayar/Desktop/RaporlamaProject6/frontend/.vercel/output/static/_astro/ClientErrorReporter.D6qfGYNI.js","all":true,"statementMap":{"0":{"start":{"line":1,"column":0},"end":{"line":1,"column":1308}}},"s":{"0":0},"branchMap":{"0":{"type":"branch","line":1,"loc":{"start":{"line":1,"column":0},"end":{"line":1,"column":1047}},"locations":[{"start":{"line":1,"column":0},"end":{"line":1,"column":1047}}]}},"b":{"0":[0]},"fnMap":{"0":{"name":"(empty-report)","decl":{"start":{"line":1,"column":0},"end":{"line":1,"column":1047}},"loc":{"start":{"line":1,"column":0},"end":{"line":1,"column":1047}},"line":1}},"f":{"0":0}}
,"/Users/hayrikayar/Desktop/RaporlamaProject6/frontend/.vercel/output/static/_astro/DailyDataEntryIsland.55UEHSRK.js": {"path":"/Users/hayrikayar/Desktop/RaporlamaProject6/frontend/.vercel/output/static/_astro/DailyDataEntryIsland.55UEHSRK.js","all":true,"statementMap":{"0":{"start":{"line":1,"column":0},"end":{"line":1,"column":41250}}},"s":{"0":0},"branchMap":{"0":{"type":"branch","line":1,"loc":{"start":{"line":1,"column":0},"end":{"line":1,"column":35546}},"locations":[{"start":{"line":1,"column":0},"end":{"line":1,"column":35546}}]}},"b":{"0":[0]},"fnMap":{"0":{"name":"(empty-report)","decl":{"start":{"line":1,"column":0},"end":{"line":1,"column":35546}},"loc":{"start":{"line":1,"column":0},"end":{"line":1,"column":35546}},"line":1}},"f":{"0":0}}
,"/Users/hayrikayar/Desktop/RaporlamaProject6/frontend/.vercel/output/static/_astro/DailyKpiOverviewIsland.Bvhlg4zn.js": {"path":"/Users/hayrikayar/Desktop/RaporlamaProject6/frontend/.vercel/output/static/_astro/DailyKpiOverviewIsland.Bvhlg4zn.js","all":true,"statementMap":{"0":{"start":{"line":1,"column":0},"end":{"line":1,"column":49696}}},"s":{"0":0},"branchMap":{"0":{"type":"branch","line":1,"loc":{"start":{"line":1,"column":0},"end":{"line":1,"column":44901}},"locations":[{"start":{"line":1,"column":0},"end":{"line":1,"column":44901}}]}},"b":{"0":[0]},"fnMap":{"0":{"name":"(empty-report)","decl":{"start":{"line":1,"column":0},"end":{"line":1,"column":44901}},"loc":{"start":{"line":1,"column":0},"end":{"line":1,"column":44901}},"line":1}},"f":{"0":0}}
,"/Users/hayrikayar/Desktop/RaporlamaProject6/frontend/.vercel/output/static/_astro/DashboardShell.YKVhZx87.js": {"path":"/Users/hayrikayar/Desktop/RaporlamaProject6/frontend/.vercel/output/static/_astro/DashboardShell.YKVhZx87.js","all":true,"statementMap":{"0":{"start":{"line":1,"column":0},"end":{"line":1,"column":1100}}},"s":{"0":0},"branchMap":{"0":{"type":"branch","line":1,"loc":{"start":{"line":1,"column":0},"end":{"line":1,"column":675}},"locations":[{"start":{"line":1,"column":0},"end":{"line":1,"column":675}}]}},"b":{"0":[0]},"fnMap":{"0":{"name":"(empty-report)","decl":{"start":{"line":1,"column":0},"end":{"line":1,"column":675}},"loc":{"start":{"line":1,"column":0},"end":{"line":1,"column":675}},"line":1}},"f":{"0":0}}
,"/Users/hayrikayar/Desktop/RaporlamaProject6/frontend/.vercel/output/static/_astro/DataEntryIsland.DvFTI8rV.js": {"path":"/Users/hayrikayar/Desktop/RaporlamaProject6/frontend/.vercel/output/static/_astro/DataEntryIsland.DvFTI8rV.js","all":true,"statementMap":{"0":{"start":{"line":1,"column":0},"end":{"line":1,"column":4131}}},"s":{"0":0},"branchMap":{"0":{"type":"branch","line":1,"loc":{"start":{"line":1,"column":0},"end":{"line":1,"column":2911}},"locations":[{"start":{"line":1,"column":0},"end":{"line":1,"column":2911}}]}},"b":{"0":[0]},"fnMap":{"0":{"name":"(empty-report)","decl":{"start":{"line":1,"column":0},"end":{"line":1,"column":2911}},"loc":{"start":{"line":1,"column":0},"end":{"line":1,"column":2911}},"line":1}},"f":{"0":0}}
,"/Users/hayrikayar/Desktop/RaporlamaProject6/frontend/.vercel/output/static/_astro/DevDiagnosticsPanel.gRFkVE12.js": {"path":"/Users/hayrikayar/Desktop/RaporlamaProject6/frontend/.vercel/output/static/_astro/DevDiagnosticsPanel.gRFkVE12.js","all":true,"statementMap":{"0":{"start":{"line":1,"column":0},"end":{"line":1,"column":4748}}},"s":{"0":0},"branchMap":{"0":{"type":"branch","line":1,"loc":{"start":{"line":1,"column":0},"end":{"line":1,"column":3578}},"locations":[{"start":{"line":1,"column":0},"end":{"line":1,"column":3578}}]}},"b":{"0":[0]},"fnMap":{"0":{"name":"(empty-report)","decl":{"start":{"line":1,"column":0},"end":{"line":1,"column":3578}},"loc":{"start":{"line":1,"column":0},"end":{"line":1,"column":3578}},"line":1}},"f":{"0":0}}
,"/Users/hayrikayar/Desktop/RaporlamaProject6/frontend/.vercel/output/static/_astro/ErrorAlert.Dw1sp7rV.js": {"path":"/Users/hayrikayar/Desktop/RaporlamaProject6/frontend/.vercel/output/static/_astro/ErrorAlert.Dw1sp7rV.js","all":true,"statementMap":{"0":{"start":{"line":1,"column":0},"end":{"line":1,"column":1323}}},"s":{"0":0},"branchMap":{"0":{"type":"branch","line":1,"loc":{"start":{"line":1,"column":0},"end":{"line":1,"column":966}},"locations":[{"start":{"line":1,"column":0},"end":{"line":1,"column":966}}]}},"b":{"0":[0]},"fnMap":{"0":{"name":"(empty-report)","decl":{"start":{"line":1,"column":0},"end":{"line":1,"column":966}},"loc":{"start":{"line":1,"column":0},"end":{"line":1,"column":966}},"line":1}},"f":{"0":0}}
,"/Users/hayrikayar/Desktop/RaporlamaProject6/frontend/.vercel/output/static/_astro/ErrorBoundary.BPyN8IDu.js": {"path":"/Users/hayrikayar/Desktop/RaporlamaProject6/frontend/.vercel/output/static/_astro/ErrorBoundary.BPyN8IDu.js","all":true,"statementMap":{"0":{"start":{"line":1,"column":0},"end":{"line":1,"column":1993}}},"s":{"0":0},"branchMap":{"0":{"type":"branch","line":1,"loc":{"start":{"line":1,"column":0},"end":{"line":1,"column":1592}},"locations":[{"start":{"line":1,"column":0},"end":{"line":1,"column":1592}}]}},"b":{"0":[0]},"fnMap":{"0":{"name":"(empty-report)","decl":{"start":{"line":1,"column":0},"end":{"line":1,"column":1592}},"loc":{"start":{"line":1,"column":0},"end":{"line":1,"column":1592}},"line":1}},"f":{"0":0}}
,"/Users/hayrikayar/Desktop/RaporlamaProject6/frontend/.vercel/output/static/_astro/GlobalToastContainer.DT6fqkDo.js": {"path":"/Users/hayrikayar/Desktop/RaporlamaProject6/frontend/.vercel/output/static/_astro/GlobalToastContainer.DT6fqkDo.js","all":true,"statementMap":{"0":{"start":{"line":1,"column":0},"end":{"line":1,"column":5230}}},"s":{"0":0},"branchMap":{"0":{"type":"branch","line":1,"loc":{"start":{"line":1,"column":0},"end":{"line":1,"column":4150}},"locations":[{"start":{"line":1,"column":0},"end":{"line":1,"column":4150}}]}},"b":{"0":[0]},"fnMap":{"0":{"name":"(empty-report)","decl":{"start":{"line":1,"column":0},"end":{"line":1,"column":4150}},"loc":{"start":{"line":1,"column":0},"end":{"line":1,"column":4150}},"line":1}},"f":{"0":0}}
,"/Users/hayrikayar/Desktop/RaporlamaProject6/frontend/.vercel/output/static/_astro/KpiAddFormIsland.CkHNahoo.js": {"path":"/Users/hayrikayar/Desktop/RaporlamaProject6/frontend/.vercel/output/static/_astro/KpiAddFormIsland.CkHNahoo.js","all":true,"statementMap":{"0":{"start":{"line":1,"column":0},"end":{"line":1,"column":8351}}},"s":{"0":0},"branchMap":{"0":{"type":"branch","line":1,"loc":{"start":{"line":1,"column":0},"end":{"line":1,"column":6649}},"locations":[{"start":{"line":1,"column":0},"end":{"line":1,"column":6649}}]}},"b":{"0":[0]},"fnMap":{"0":{"name":"(empty-report)","decl":{"start":{"line":1,"column":0},"end":{"line":1,"column":6649}},"loc":{"start":{"line":1,"column":0},"end":{"line":1,"column":6649}},"line":1}},"f":{"0":0}}
,"/Users/hayrikayar/Desktop/RaporlamaProject6/frontend/.vercel/output/static/_astro/KpiManagement.Dx2Lejap.js": {"path":"/Users/hayrikayar/Desktop/RaporlamaProject6/frontend/.vercel/output/static/_astro/KpiManagement.Dx2Lejap.js","all":true,"statementMap":{"0":{"start":{"line":1,"column":0},"end":{"line":1,"column":225}},"1":{"start":{"line":2,"column":0},"end":{"line":2,"column":49737}}},"s":{"0":0,"1":0},"branchMap":{"0":{"type":"branch","line":1,"loc":{"start":{"line":1,"column":0},"end":{"line":2,"column":40054}},"locations":[{"start":{"line":1,"column":0},"end":{"line":2,"column":40054}}]}},"b":{"0":[0]},"fnMap":{"0":{"name":"(empty-report)","decl":{"start":{"line":1,"column":0},"end":{"line":2,"column":40054}},"loc":{"start":{"line":1,"column":0},"end":{"line":2,"column":40054}},"line":1}},"f":{"0":0}}
,"/Users/hayrikayar/Desktop/RaporlamaProject6/frontend/.vercel/output/static/_astro/MobileDailyKpiDashboard.Da9iupdm.js": {"path":"/Users/hayrikayar/Desktop/RaporlamaProject6/frontend/.vercel/output/static/_astro/MobileDailyKpiDashboard.Da9iupdm.js","all":true,"statementMap":{"0":{"start":{"line":1,"column":0},"end":{"line":1,"column":11369}}},"s":{"0":0},"branchMap":{"0":{"type":"branch","line":1,"loc":{"start":{"line":1,"column":0},"end":{"line":1,"column":8814}},"locations":[{"start":{"line":1,"column":0},"end":{"line":1,"column":8814}}]}},"b":{"0":[0]},"fnMap":{"0":{"name":"(empty-report)","decl":{"start":{"line":1,"column":0},"end":{"line":1,"column":8814}},"loc":{"start":{"line":1,"column":0},"end":{"line":1,"column":8814}},"line":1}},"f":{"0":0}}
,"/Users/hayrikayar/Desktop/RaporlamaProject6/frontend/.vercel/output/static/_astro/MobileDashboard.BAIVhb9v.js": {"path":"/Users/hayrikayar/Desktop/RaporlamaProject6/frontend/.vercel/output/static/_astro/MobileDashboard.BAIVhb9v.js","all":true,"statementMap":{"0":{"start":{"line":1,"column":0},"end":{"line":1,"column":5845}}},"s":{"0":0},"branchMap":{"0":{"type":"branch","line":1,"loc":{"start":{"line":1,"column":0},"end":{"line":1,"column":4277}},"locations":[{"start":{"line":1,"column":0},"end":{"line":1,"column":4277}}]}},"b":{"0":[0]},"fnMap":{"0":{"name":"(empty-report)","decl":{"start":{"line":1,"column":0},"end":{"line":1,"column":4277}},"loc":{"start":{"line":1,"column":0},"end":{"line":1,"column":4277}},"line":1}},"f":{"0":0}}
,"/Users/hayrikayar/Desktop/RaporlamaProject6/frontend/.vercel/output/static/_astro/MobileMonthlyKpiDashboard.DklyDOd7.js": {"path":"/Users/hayrikayar/Desktop/RaporlamaProject6/frontend/.vercel/output/static/_astro/MobileMonthlyKpiDashboard.DklyDOd7.js","all":true,"statementMap":{"0":{"start":{"line":1,"column":0},"end":{"line":1,"column":9641}}},"s":{"0":0},"branchMap":{"0":{"type":"branch","line":1,"loc":{"start":{"line":1,"column":0},"end":{"line":1,"column":7381}},"locations":[{"start":{"line":1,"column":0},"end":{"line":1,"column":7381}}]}},"b":{"0":[0]},"fnMap":{"0":{"name":"(empty-report)","decl":{"start":{"line":1,"column":0},"end":{"line":1,"column":7381}},"loc":{"start":{"line":1,"column":0},"end":{"line":1,"column":7381}},"line":1}},"f":{"0":0}}
,"/Users/hayrikayar/Desktop/RaporlamaProject6/frontend/.vercel/output/static/_astro/MobileRedirect.B-Clukrx.js": {"path":"/Users/hayrikayar/Desktop/RaporlamaProject6/frontend/.vercel/output/static/_astro/MobileRedirect.B-Clukrx.js","all":true,"statementMap":{"0":{"start":{"line":1,"column":0},"end":{"line":1,"column":237}}},"s":{"0":0},"branchMap":{"0":{"type":"branch","line":1,"loc":{"start":{"line":1,"column":237},"end":{"line":1,"column":237}},"locations":[{"start":{"line":1,"column":237},"end":{"line":1,"column":237}}]}},"b":{"0":[0]},"fnMap":{"0":{"name":"(empty-report)","decl":{"start":{"line":1,"column":237},"end":{"line":1,"column":237}},"loc":{"start":{"line":1,"column":237},"end":{"line":1,"column":237}},"line":1}},"f":{"0":0}}
,"/Users/hayrikayar/Desktop/RaporlamaProject6/frontend/.vercel/output/static/_astro/MobileRedirectToDailyKpi.BQHUrfnI.js": {"path":"/Users/hayrikayar/Desktop/RaporlamaProject6/frontend/.vercel/output/static/_astro/MobileRedirectToDailyKpi.BQHUrfnI.js","all":true,"statementMap":{"0":{"start":{"line":1,"column":0},"end":{"line":1,"column":299}}},"s":{"0":0},"branchMap":{"0":{"type":"branch","line":1,"loc":{"start":{"line":1,"column":0},"end":{"line":1,"column":162}},"locations":[{"start":{"line":1,"column":0},"end":{"line":1,"column":162}}]}},"b":{"0":[0]},"fnMap":{"0":{"name":"(empty-report)","decl":{"start":{"line":1,"column":0},"end":{"line":1,"column":162}},"loc":{"start":{"line":1,"column":0},"end":{"line":1,"column":162}},"line":1}},"f":{"0":0}}
,"/Users/hayrikayar/Desktop/RaporlamaProject6/frontend/.vercel/output/static/_astro/ModernLoginPage.BTDSyala.js": {"path":"/Users/hayrikayar/Desktop/RaporlamaProject6/frontend/.vercel/output/static/_astro/ModernLoginPage.BTDSyala.js","all":true,"statementMap":{"0":{"start":{"line":1,"column":0},"end":{"line":1,"column":51927}}},"s":{"0":0},"branchMap":{"0":{"type":"branch","line":1,"loc":{"start":{"line":1,"column":0},"end":{"line":1,"column":50676}},"locations":[{"start":{"line":1,"column":0},"end":{"line":1,"column":50676}}]}},"b":{"0":[0]},"fnMap":{"0":{"name":"(empty-report)","decl":{"start":{"line":1,"column":0},"end":{"line":1,"column":50676}},"loc":{"start":{"line":1,"column":0},"end":{"line":1,"column":50676}},"line":1}},"f":{"0":0}}
,"/Users/hayrikayar/Desktop/RaporlamaProject6/frontend/.vercel/output/static/_astro/MonthlyKpiOverviewIsland.e5pVUh2S.js": {"path":"/Users/hayrikayar/Desktop/RaporlamaProject6/frontend/.vercel/output/static/_astro/MonthlyKpiOverviewIsland.e5pVUh2S.js","all":true,"statementMap":{"0":{"start":{"line":1,"column":0},"end":{"line":1,"column":20081}}},"s":{"0":0},"branchMap":{"0":{"type":"branch","line":1,"loc":{"start":{"line":1,"column":0},"end":{"line":1,"column":17273}},"locations":[{"start":{"line":1,"column":0},"end":{"line":1,"column":17273}}]}},"b":{"0":[0]},"fnMap":{"0":{"name":"(empty-report)","decl":{"start":{"line":1,"column":0},"end":{"line":1,"column":17273}},"loc":{"start":{"line":1,"column":0},"end":{"line":1,"column":17273}},"line":1}},"f":{"0":0}}
,"/Users/hayrikayar/Desktop/RaporlamaProject6/frontend/.vercel/output/static/_astro/PageHeader.CR_-lmpw.js": {"path":"/Users/hayrikayar/Desktop/RaporlamaProject6/frontend/.vercel/output/static/_astro/PageHeader.CR_-lmpw.js","all":true,"statementMap":{"0":{"start":{"line":1,"column":0},"end":{"line":1,"column":6010}}},"s":{"0":0},"branchMap":{"0":{"type":"branch","line":1,"loc":{"start":{"line":1,"column":0},"end":{"line":1,"column":4592}},"locations":[{"start":{"line":1,"column":0},"end":{"line":1,"column":4592}}]}},"b":{"0":[0]},"fnMap":{"0":{"name":"(empty-report)","decl":{"start":{"line":1,"column":0},"end":{"line":1,"column":4592}},"loc":{"start":{"line":1,"column":0},"end":{"line":1,"column":4592}},"line":1}},"f":{"0":0}}
,"/Users/hayrikayar/Desktop/RaporlamaProject6/frontend/.vercel/output/static/_astro/QueryProvider.Bp8q4wGX.js": {"path":"/Users/hayrikayar/Desktop/RaporlamaProject6/frontend/.vercel/output/static/_astro/QueryProvider.Bp8q4wGX.js","all":true,"statementMap":{"0":{"start":{"line":1,"column":0},"end":{"line":1,"column":34698}}},"s":{"0":0},"branchMap":{"0":{"type":"branch","line":1,"loc":{"start":{"line":1,"column":0},"end":{"line":1,"column":34082}},"locations":[{"start":{"line":1,"column":0},"end":{"line":1,"column":34082}}]}},"b":{"0":[0]},"fnMap":{"0":{"name":"(empty-report)","decl":{"start":{"line":1,"column":0},"end":{"line":1,"column":34082}},"loc":{"start":{"line":1,"column":0},"end":{"line":1,"column":34082}},"line":1}},"f":{"0":0}}
,"/Users/hayrikayar/Desktop/RaporlamaProject6/frontend/.vercel/output/static/_astro/ResetPassword.JVhh19yz.js": {"path":"/Users/hayrikayar/Desktop/RaporlamaProject6/frontend/.vercel/output/static/_astro/ResetPassword.JVhh19yz.js","all":true,"statementMap":{"0":{"start":{"line":1,"column":0},"end":{"line":1,"column":6009}}},"s":{"0":0},"branchMap":{"0":{"type":"branch","line":1,"loc":{"start":{"line":1,"column":0},"end":{"line":1,"column":4892}},"locations":[{"start":{"line":1,"column":0},"end":{"line":1,"column":4892}}]}},"b":{"0":[0]},"fnMap":{"0":{"name":"(empty-report)","decl":{"start":{"line":1,"column":0},"end":{"line":1,"column":4892}},"loc":{"start":{"line":1,"column":0},"end":{"line":1,"column":4892}},"line":1}},"f":{"0":0}}
,"/Users/hayrikayar/Desktop/RaporlamaProject6/frontend/.vercel/output/static/_astro/RoleManagement.C00S3bc0.js": {"path":"/Users/hayrikayar/Desktop/RaporlamaProject6/frontend/.vercel/output/static/_astro/RoleManagement.C00S3bc0.js","all":true,"statementMap":{"0":{"start":{"line":1,"column":0},"end":{"line":1,"column":15301}}},"s":{"0":0},"branchMap":{"0":{"type":"branch","line":1,"loc":{"start":{"line":1,"column":0},"end":{"line":1,"column":10718}},"locations":[{"start":{"line":1,"column":0},"end":{"line":1,"column":10718}}]}},"b":{"0":[0]},"fnMap":{"0":{"name":"(empty-report)","decl":{"start":{"line":1,"column":0},"end":{"line":1,"column":10718}},"loc":{"start":{"line":1,"column":0},"end":{"line":1,"column":10718}},"line":1}},"f":{"0":0}}
,"/Users/hayrikayar/Desktop/RaporlamaProject6/frontend/.vercel/output/static/_astro/RouteGuard.DPfEBac4.js": {"path":"/Users/hayrikayar/Desktop/RaporlamaProject6/frontend/.vercel/output/static/_astro/RouteGuard.DPfEBac4.js","all":true,"statementMap":{"0":{"start":{"line":1,"column":0},"end":{"line":1,"column":1323}}},"s":{"0":0},"branchMap":{"0":{"type":"branch","line":1,"loc":{"start":{"line":1,"column":0},"end":{"line":1,"column":826}},"locations":[{"start":{"line":1,"column":0},"end":{"line":1,"column":826}}]}},"b":{"0":[0]},"fnMap":{"0":{"name":"(empty-report)","decl":{"start":{"line":1,"column":0},"end":{"line":1,"column":826}},"loc":{"start":{"line":1,"column":0},"end":{"line":1,"column":826}},"line":1}},"f":{"0":0}}
,"/Users/hayrikayar/Desktop/RaporlamaProject6/frontend/.vercel/output/static/_astro/SalesDashboardIsland.BmWRalYk.js": {"path":"/Users/hayrikayar/Desktop/RaporlamaProject6/frontend/.vercel/output/static/_astro/SalesDashboardIsland.BmWRalYk.js","all":true,"statementMap":{"0":{"start":{"line":1,"column":0},"end":{"line":1,"column":547}},"1":{"start":{"line":2,"column":0},"end":{"line":2,"column":3}},"2":{"start":{"line":3,"column":0},"end":{"line":3,"column":23}},"3":{"start":{"line":4,"column":0},"end":{"line":4,"column":41}},"4":{"start":{"line":5,"column":0},"end":{"line":5,"column":25}},"5":{"start":{"line":6,"column":0},"end":{"line":6,"column":33}},"6":{"start":{"line":7,"column":0},"end":{"line":7,"column":7448}},"7":{"start":{"line":8,"column":0},"end":{"line":8,"column":3}},"8":{"start":{"line":9,"column":0},"end":{"line":9,"column":18}},"9":{"start":{"line":10,"column":0},"end":{"line":10,"column":26}},"10":{"start":{"line":11,"column":0},"end":{"line":11,"column":33}},"11":{"start":{"line":12,"column":0},"end":{"line":12,"column":33}},"12":{"start":{"line":13,"column":0},"end":{"line":13,"column":27662}},"13":{"start":{"line":14,"column":0},"end":{"line":14,"column":3}},"14":{"start":{"line":15,"column":0},"end":{"line":15,"column":18}},"15":{"start":{"line":16,"column":0},"end":{"line":16,"column":26}},"16":{"start":{"line":17,"column":0},"end":{"line":17,"column":33}},"17":{"start":{"line":18,"column":0},"end":{"line":18,"column":33}},"18":{"start":{"line":19,"column":0},"end":{"line":19,"column":163265}}},"s":{"0":0,"1":0,"2":0,"3":0,"4":0,"5":0,"6":0,"7":0,"8":0,"9":0,"10":0,"11":0,"12":0,"13":0,"14":0,"15":0,"16":0,"17":0,"18":0},"branchMap":{"0":{"type":"branch","line":1,"loc":{"start":{"line":1,"column":0},"end":{"line":19,"column":156891}},"locations":[{"start":{"line":1,"column":0},"end":{"line":19,"column":156891}}]}},"b":{"0":[0]},"fnMap":{"0":{"name":"(empty-report)","decl":{"start":{"line":1,"column":0},"end":{"line":19,"column":156891}},"loc":{"start":{"line":1,"column":0},"end":{"line":19,"column":156891}},"line":1}},"f":{"0":0}}
,"/Users/hayrikayar/Desktop/RaporlamaProject6/frontend/.vercel/output/static/_astro/ServiceDashboardIsland.BviXRIM1.js": {"path":"/Users/hayrikayar/Desktop/RaporlamaProject6/frontend/.vercel/output/static/_astro/ServiceDashboardIsland.BviXRIM1.js","all":true,"statementMap":{"0":{"start":{"line":1,"column":0},"end":{"line":1,"column":454}}},"s":{"0":0},"branchMap":{"0":{"type":"branch","line":1,"loc":{"start":{"line":1,"column":454},"end":{"line":1,"column":454}},"locations":[{"start":{"line":1,"column":454},"end":{"line":1,"column":454}}]}},"b":{"0":[0]},"fnMap":{"0":{"name":"(empty-report)","decl":{"start":{"line":1,"column":454},"end":{"line":1,"column":454}},"loc":{"start":{"line":1,"column":454},"end":{"line":1,"column":454}},"line":1}},"f":{"0":0}}
,"/Users/hayrikayar/Desktop/RaporlamaProject6/frontend/.vercel/output/static/_astro/ServiceDataEntryIsland.jy5MHGN2.js": {"path":"/Users/hayrikayar/Desktop/RaporlamaProject6/frontend/.vercel/output/static/_astro/ServiceDataEntryIsland.jy5MHGN2.js","all":true,"statementMap":{"0":{"start":{"line":1,"column":0},"end":{"line":1,"column":3931}}},"s":{"0":0},"branchMap":{"0":{"type":"branch","line":1,"loc":{"start":{"line":1,"column":0},"end":{"line":1,"column":2819}},"locations":[{"start":{"line":1,"column":0},"end":{"line":1,"column":2819}}]}},"b":{"0":[0]},"fnMap":{"0":{"name":"(empty-report)","decl":{"start":{"line":1,"column":0},"end":{"line":1,"column":2819}},"loc":{"start":{"line":1,"column":0},"end":{"line":1,"column":2819}},"line":1}},"f":{"0":0}}
,"/Users/hayrikayar/Desktop/RaporlamaProject6/frontend/.vercel/output/static/_astro/Sidebar.CadqxJJu.js": {"path":"/Users/hayrikayar/Desktop/RaporlamaProject6/frontend/.vercel/output/static/_astro/Sidebar.CadqxJJu.js","all":true,"statementMap":{"0":{"start":{"line":1,"column":0},"end":{"line":1,"column":11522}}},"s":{"0":0},"branchMap":{"0":{"type":"branch","line":1,"loc":{"start":{"line":1,"column":0},"end":{"line":1,"column":8499}},"locations":[{"start":{"line":1,"column":0},"end":{"line":1,"column":8499}}]}},"b":{"0":[0]},"fnMap":{"0":{"name":"(empty-report)","decl":{"start":{"line":1,"column":0},"end":{"line":1,"column":8499}},"loc":{"start":{"line":1,"column":0},"end":{"line":1,"column":8499}},"line":1}},"f":{"0":0}}
,"/Users/hayrikayar/Desktop/RaporlamaProject6/frontend/.vercel/output/static/_astro/SkeletonLoader.CCrRgX73.js": {"path":"/Users/hayrikayar/Desktop/RaporlamaProject6/frontend/.vercel/output/static/_astro/SkeletonLoader.CCrRgX73.js","all":true,"statementMap":{"0":{"start":{"line":1,"column":0},"end":{"line":1,"column":2150}}},"s":{"0":0},"branchMap":{"0":{"type":"branch","line":1,"loc":{"start":{"line":1,"column":0},"end":{"line":1,"column":1532}},"locations":[{"start":{"line":1,"column":0},"end":{"line":1,"column":1532}}]}},"b":{"0":[0]},"fnMap":{"0":{"name":"(empty-report)","decl":{"start":{"line":1,"column":0},"end":{"line":1,"column":1532}},"loc":{"start":{"line":1,"column":0},"end":{"line":1,"column":1532}},"line":1}},"f":{"0":0}}
,"/Users/hayrikayar/Desktop/RaporlamaProject6/frontend/.vercel/output/static/_astro/UserManagement.Bjz9-WuF.js": {"path":"/Users/hayrikayar/Desktop/RaporlamaProject6/frontend/.vercel/output/static/_astro/UserManagement.Bjz9-WuF.js","all":true,"statementMap":{"0":{"start":{"line":1,"column":0},"end":{"line":1,"column":36006}}},"s":{"0":0},"branchMap":{"0":{"type":"branch","line":1,"loc":{"start":{"line":1,"column":0},"end":{"line":1,"column":28251}},"locations":[{"start":{"line":1,"column":0},"end":{"line":1,"column":28251}}]}},"b":{"0":[0]},"fnMap":{"0":{"name":"(empty-report)","decl":{"start":{"line":1,"column":0},"end":{"line":1,"column":28251}},"loc":{"start":{"line":1,"column":0},"end":{"line":1,"column":28251}},"line":1}},"f":{"0":0}}
,"/Users/hayrikayar/Desktop/RaporlamaProject6/frontend/.vercel/output/static/_astro/UserPageIsland.DINuvH5I.js": {"path":"/Users/hayrikayar/Desktop/RaporlamaProject6/frontend/.vercel/output/static/_astro/UserPageIsland.DINuvH5I.js","all":true,"statementMap":{"0":{"start":{"line":1,"column":0},"end":{"line":1,"column":4124}}},"s":{"0":0},"branchMap":{"0":{"type":"branch","line":1,"loc":{"start":{"line":1,"column":0},"end":{"line":1,"column":2946}},"locations":[{"start":{"line":1,"column":0},"end":{"line":1,"column":2946}}]}},"b":{"0":[0]},"fnMap":{"0":{"name":"(empty-report)","decl":{"start":{"line":1,"column":0},"end":{"line":1,"column":2946}},"loc":{"start":{"line":1,"column":0},"end":{"line":1,"column":2946}},"line":1}},"f":{"0":0}}
,"/Users/hayrikayar/Desktop/RaporlamaProject6/frontend/.vercel/output/static/_astro/UserReportsIsland.3QcNJ_Sg.js": {"path":"/Users/hayrikayar/Desktop/RaporlamaProject6/frontend/.vercel/output/static/_astro/UserReportsIsland.3QcNJ_Sg.js","all":true,"statementMap":{"0":{"start":{"line":1,"column":0},"end":{"line":1,"column":14015}}},"s":{"0":0},"branchMap":{"0":{"type":"branch","line":1,"loc":{"start":{"line":1,"column":0},"end":{"line":1,"column":10813}},"locations":[{"start":{"line":1,"column":0},"end":{"line":1,"column":10813}}]}},"b":{"0":[0]},"fnMap":{"0":{"name":"(empty-report)","decl":{"start":{"line":1,"column":0},"end":{"line":1,"column":10813}},"loc":{"start":{"line":1,"column":0},"end":{"line":1,"column":10813}},"line":1}},"f":{"0":0}}
,"/Users/hayrikayar/Desktop/RaporlamaProject6/frontend/.vercel/output/static/_astro/accessControl.2hN3qwt_.js": {"path":"/Users/hayrikayar/Desktop/RaporlamaProject6/frontend/.vercel/output/static/_astro/accessControl.2hN3qwt_.js","all":true,"statementMap":{"0":{"start":{"line":1,"column":0},"end":{"line":1,"column":4132}}},"s":{"0":0},"branchMap":{"0":{"type":"branch","line":1,"loc":{"start":{"line":1,"column":0},"end":{"line":1,"column":3984}},"locations":[{"start":{"line":1,"column":0},"end":{"line":1,"column":3984}}]}},"b":{"0":[0]},"fnMap":{"0":{"name":"(empty-report)","decl":{"start":{"line":1,"column":0},"end":{"line":1,"column":3984}},"loc":{"start":{"line":1,"column":0},"end":{"line":1,"column":3984}},"line":1}},"f":{"0":0}}
,"/Users/hayrikayar/Desktop/RaporlamaProject6/frontend/.vercel/output/static/_astro/api.DK7Ym3GI.js": {"path":"/Users/hayrikayar/Desktop/RaporlamaProject6/frontend/.vercel/output/static/_astro/api.DK7Ym3GI.js","all":true,"statementMap":{"0":{"start":{"line":1,"column":0},"end":{"line":1,"column":6054}}},"s":{"0":0},"branchMap":{"0":{"type":"branch","line":1,"loc":{"start":{"line":1,"column":0},"end":{"line":1,"column":5131}},"locations":[{"start":{"line":1,"column":0},"end":{"line":1,"column":5131}}]}},"b":{"0":[0]},"fnMap":{"0":{"name":"(empty-report)","decl":{"start":{"line":1,"column":0},"end":{"line":1,"column":5131}},"loc":{"start":{"line":1,"column":0},"end":{"line":1,"column":5131}},"line":1}},"f":{"0":0}}
,"/Users/hayrikayar/Desktop/RaporlamaProject6/frontend/.vercel/output/static/_astro/authHelpers.DUa1NbN5.js": {"path":"/Users/hayrikayar/Desktop/RaporlamaProject6/frontend/.vercel/output/static/_astro/authHelpers.DUa1NbN5.js","all":true,"statementMap":{"0":{"start":{"line":1,"column":0},"end":{"line":1,"column":1458}}},"s":{"0":0},"branchMap":{"0":{"type":"branch","line":1,"loc":{"start":{"line":1,"column":0},"end":{"line":1,"column":1331}},"locations":[{"start":{"line":1,"column":0},"end":{"line":1,"column":1331}}]}},"b":{"0":[0]},"fnMap":{"0":{"name":"(empty-report)","decl":{"start":{"line":1,"column":0},"end":{"line":1,"column":1331}},"loc":{"start":{"line":1,"column":0},"end":{"line":1,"column":1331}},"line":1}},"f":{"0":0}}
,"/Users/hayrikayar/Desktop/RaporlamaProject6/frontend/.vercel/output/static/_astro/axiosClient.BJOe1bYy.js": {"path":"/Users/hayrikayar/Desktop/RaporlamaProject6/frontend/.vercel/output/static/_astro/axiosClient.BJOe1bYy.js","all":true,"statementMap":{"0":{"start":{"line":1,"column":0},"end":{"line":1,"column":167}},"1":{"start":{"line":2,"column":0},"end":{"line":2,"column":214675}}},"s":{"0":0,"1":0},"branchMap":{"0":{"type":"branch","line":1,"loc":{"start":{"line":1,"column":0},"end":{"line":2,"column":214497}},"locations":[{"start":{"line":1,"column":0},"end":{"line":2,"column":214497}}]}},"b":{"0":[0]},"fnMap":{"0":{"name":"(empty-report)","decl":{"start":{"line":1,"column":0},"end":{"line":2,"column":214497}},"loc":{"start":{"line":1,"column":0},"end":{"line":2,"column":214497}},"line":1}},"f":{"0":0}}
,"/Users/hayrikayar/Desktop/RaporlamaProject6/frontend/.vercel/output/static/_astro/badge.DyIOpYJE.js": {"path":"/Users/hayrikayar/Desktop/RaporlamaProject6/frontend/.vercel/output/static/_astro/badge.DyIOpYJE.js","all":true,"statementMap":{"0":{"start":{"line":1,"column":0},"end":{"line":1,"column":437}}},"s":{"0":0},"branchMap":{"0":{"type":"branch","line":1,"loc":{"start":{"line":1,"column":0},"end":{"line":1,"column":256}},"locations":[{"start":{"line":1,"column":0},"end":{"line":1,"column":256}}]}},"b":{"0":[0]},"fnMap":{"0":{"name":"(empty-report)","decl":{"start":{"line":1,"column":0},"end":{"line":1,"column":256}},"loc":{"start":{"line":1,"column":0},"end":{"line":1,"column":256}},"line":1}},"f":{"0":0}}
,"/Users/hayrikayar/Desktop/RaporlamaProject6/frontend/.vercel/output/static/_astro/button.vw7aQStw.js": {"path":"/Users/hayrikayar/Desktop/RaporlamaProject6/frontend/.vercel/output/static/_astro/button.vw7aQStw.js","all":true,"statementMap":{"0":{"start":{"line":1,"column":0},"end":{"line":1,"column":1073}}},"s":{"0":0},"branchMap":{"0":{"type":"branch","line":1,"loc":{"start":{"line":1,"column":0},"end":{"line":1,"column":808}},"locations":[{"start":{"line":1,"column":0},"end":{"line":1,"column":808}}]}},"b":{"0":[0]},"fnMap":{"0":{"name":"(empty-report)","decl":{"start":{"line":1,"column":0},"end":{"line":1,"column":808}},"loc":{"start":{"line":1,"column":0},"end":{"line":1,"column":808}},"line":1}},"f":{"0":0}}
,"/Users/hayrikayar/Desktop/RaporlamaProject6/frontend/.vercel/output/static/_astro/card.DlyoanCW.js": {"path":"/Users/hayrikayar/Desktop/RaporlamaProject6/frontend/.vercel/output/static/_astro/card.DlyoanCW.js","all":true,"statementMap":{"0":{"start":{"line":1,"column":0},"end":{"line":1,"column":784}}},"s":{"0":0},"branchMap":{"0":{"type":"branch","line":1,"loc":{"start":{"line":1,"column":0},"end":{"line":1,"column":529}},"locations":[{"start":{"line":1,"column":0},"end":{"line":1,"column":529}}]}},"b":{"0":[0]},"fnMap":{"0":{"name":"(empty-report)","decl":{"start":{"line":1,"column":0},"end":{"line":1,"column":529}},"loc":{"start":{"line":1,"column":0},"end":{"line":1,"column":529}},"line":1}},"f":{"0":0}}
,"/Users/hayrikayar/Desktop/RaporlamaProject6/frontend/.vercel/output/static/_astro/client.C0pTZuyX.js": {"path":"/Users/hayrikayar/Desktop/RaporlamaProject6/frontend/.vercel/output/static/_astro/client.C0pTZuyX.js","all":true,"statementMap":{"0":{"start":{"line":1,"column":0},"end":{"line":1,"column":3675}},"1":{"start":{"line":2,"column":0},"end":{"line":2,"column":3}},"2":{"start":{"line":3,"column":0},"end":{"line":3,"column":17}},"3":{"start":{"line":4,"column":0},"end":{"line":4,"column":33}},"4":{"start":{"line":5,"column":0},"end":{"line":5,"column":2}},"5":{"start":{"line":6,"column":0},"end":{"line":6,"column":53}},"6":{"start":{"line":7,"column":0},"end":{"line":7,"column":2}},"7":{"start":{"line":8,"column":0},"end":{"line":8,"column":66}},"8":{"start":{"line":9,"column":0},"end":{"line":9,"column":58}},"9":{"start":{"line":10,"column":0},"end":{"line":10,"column":176748}}},"s":{"0":0,"1":0,"2":0,"3":0,"4":0,"5":0,"6":0,"7":0,"8":0,"9":0},"branchMap":{"0":{"type":"branch","line":1,"loc":{"start":{"line":1,"column":0},"end":{"line":10,"column":176390}},"locations":[{"start":{"line":1,"column":0},"end":{"line":10,"column":176390}}]}},"b":{"0":[0]},"fnMap":{"0":{"name":"(empty-report)","decl":{"start":{"line":1,"column":0},"end":{"line":10,"column":176390}},"loc":{"start":{"line":1,"column":0},"end":{"line":10,"column":176390}},"line":1}},"f":{"0":0}}
,"/Users/hayrikayar/Desktop/RaporlamaProject6/frontend/.vercel/output/static/_astro/clsx.BeLtu-UY.js": {"path":"/Users/hayrikayar/Desktop/RaporlamaProject6/frontend/.vercel/output/static/_astro/clsx.BeLtu-UY.js","all":true,"statementMap":{"0":{"start":{"line":1,"column":0},"end":{"line":1,"column":373}}},"s":{"0":0},"branchMap":{"0":{"type":"branch","line":1,"loc":{"start":{"line":1,"column":373},"end":{"line":1,"column":373}},"locations":[{"start":{"line":1,"column":373},"end":{"line":1,"column":373}}]}},"b":{"0":[0]},"fnMap":{"0":{"name":"(empty-report)","decl":{"start":{"line":1,"column":373},"end":{"line":1,"column":373}},"loc":{"start":{"line":1,"column":373},"end":{"line":1,"column":373}},"line":1}},"f":{"0":0}}
,"/Users/hayrikayar/Desktop/RaporlamaProject6/frontend/.vercel/output/static/_astro/deviceDetection.DJmsfYZn.js": {"path":"/Users/hayrikayar/Desktop/RaporlamaProject6/frontend/.vercel/output/static/_astro/deviceDetection.DJmsfYZn.js","all":true,"statementMap":{"0":{"start":{"line":1,"column":0},"end":{"line":1,"column":235}}},"s":{"0":0},"branchMap":{"0":{"type":"branch","line":1,"loc":{"start":{"line":1,"column":235},"end":{"line":1,"column":235}},"locations":[{"start":{"line":1,"column":235},"end":{"line":1,"column":235}}]}},"b":{"0":[0]},"fnMap":{"0":{"name":"(empty-report)","decl":{"start":{"line":1,"column":235},"end":{"line":1,"column":235}},"loc":{"start":{"line":1,"column":235},"end":{"line":1,"column":235}},"line":1}},"f":{"0":0}}
,"/Users/hayrikayar/Desktop/RaporlamaProject6/frontend/.vercel/output/static/_astro/empty-state.CP-tlSP4.js": {"path":"/Users/hayrikayar/Desktop/RaporlamaProject6/frontend/.vercel/output/static/_astro/empty-state.CP-tlSP4.js","all":true,"statementMap":{"0":{"start":{"line":1,"column":0},"end":{"line":1,"column":782}}},"s":{"0":0},"branchMap":{"0":{"type":"branch","line":1,"loc":{"start":{"line":1,"column":0},"end":{"line":1,"column":537}},"locations":[{"start":{"line":1,"column":0},"end":{"line":1,"column":537}}]}},"b":{"0":[0]},"fnMap":{"0":{"name":"(empty-report)","decl":{"start":{"line":1,"column":0},"end":{"line":1,"column":537}},"loc":{"start":{"line":1,"column":0},"end":{"line":1,"column":537}},"line":1}},"f":{"0":0}}
,"/Users/hayrikayar/Desktop/RaporlamaProject6/frontend/.vercel/output/static/_astro/icons.D9DtxxrJ.js": {"path":"/Users/hayrikayar/Desktop/RaporlamaProject6/frontend/.vercel/output/static/_astro/icons.D9DtxxrJ.js","all":true,"statementMap":{"0":{"start":{"line":1,"column":0},"end":{"line":1,"column":9285}}},"s":{"0":0},"branchMap":{"0":{"type":"branch","line":1,"loc":{"start":{"line":1,"column":0},"end":{"line":1,"column":7453}},"locations":[{"start":{"line":1,"column":0},"end":{"line":1,"column":7453}}]}},"b":{"0":[0]},"fnMap":{"0":{"name":"(empty-report)","decl":{"start":{"line":1,"column":0},"end":{"line":1,"column":7453}},"loc":{"start":{"line":1,"column":0},"end":{"line":1,"column":7453}},"line":1}},"f":{"0":0}}
,"/Users/hayrikayar/Desktop/RaporlamaProject6/frontend/.vercel/output/static/_astro/index.CUEaG1va.js": {"path":"/Users/hayrikayar/Desktop/RaporlamaProject6/frontend/.vercel/output/static/_astro/index.CUEaG1va.js","all":true,"statementMap":{"0":{"start":{"line":1,"column":0},"end":{"line":1,"column":60}}},"s":{"0":0},"branchMap":{"0":{"type":"branch","line":1,"loc":{"start":{"line":1,"column":0},"end":{"line":1,"column":60}},"locations":[{"start":{"line":1,"column":0},"end":{"line":1,"column":60}}]}},"b":{"0":[0]},"fnMap":{"0":{"name":"(empty-report)","decl":{"start":{"line":1,"column":0},"end":{"line":1,"column":60}},"loc":{"start":{"line":1,"column":0},"end":{"line":1,"column":60}},"line":1}},"f":{"0":0}}
,"/Users/hayrikayar/Desktop/RaporlamaProject6/frontend/.vercel/output/static/_astro/index.CwMIeXs0.js": {"path":"/Users/hayrikayar/Desktop/RaporlamaProject6/frontend/.vercel/output/static/_astro/index.CwMIeXs0.js","all":true,"statementMap":{"0":{"start":{"line":1,"column":0},"end":{"line":1,"column":3638}}},"s":{"0":0},"branchMap":{"0":{"type":"branch","line":1,"loc":{"start":{"line":1,"column":0},"end":{"line":1,"column":3553}},"locations":[{"start":{"line":1,"column":0},"end":{"line":1,"column":3553}}]}},"b":{"0":[0]},"fnMap":{"0":{"name":"(empty-report)","decl":{"start":{"line":1,"column":0},"end":{"line":1,"column":3553}},"loc":{"start":{"line":1,"column":0},"end":{"line":1,"column":3553}},"line":1}},"f":{"0":0}}
,"/Users/hayrikayar/Desktop/RaporlamaProject6/frontend/.vercel/output/static/_astro/index.LB1DTQ1l.js": {"path":"/Users/hayrikayar/Desktop/RaporlamaProject6/frontend/.vercel/output/static/_astro/index.LB1DTQ1l.js","all":true,"statementMap":{"0":{"start":{"line":1,"column":0},"end":{"line":1,"column":8147}}},"s":{"0":0},"branchMap":{"0":{"type":"branch","line":1,"loc":{"start":{"line":1,"column":8147},"end":{"line":1,"column":8147}},"locations":[{"start":{"line":1,"column":8147},"end":{"line":1,"column":8147}}]}},"b":{"0":[0]},"fnMap":{"0":{"name":"(empty-report)","decl":{"start":{"line":1,"column":8147},"end":{"line":1,"column":8147}},"loc":{"start":{"line":1,"column":8147},"end":{"line":1,"column":8147}},"line":1}},"f":{"0":0}}
,"/Users/hayrikayar/Desktop/RaporlamaProject6/frontend/.vercel/output/static/_astro/input.1g6vRfRg.js": {"path":"/Users/hayrikayar/Desktop/RaporlamaProject6/frontend/.vercel/output/static/_astro/input.1g6vRfRg.js","all":true,"statementMap":{"0":{"start":{"line":1,"column":0},"end":{"line":1,"column":474}}},"s":{"0":0},"branchMap":{"0":{"type":"branch","line":1,"loc":{"start":{"line":1,"column":0},"end":{"line":1,"column":250}},"locations":[{"start":{"line":1,"column":0},"end":{"line":1,"column":250}}]}},"b":{"0":[0]},"fnMap":{"0":{"name":"(empty-report)","decl":{"start":{"line":1,"column":0},"end":{"line":1,"column":250}},"loc":{"start":{"line":1,"column":0},"end":{"line":1,"column":250}},"line":1}},"f":{"0":0}}
,"/Users/hayrikayar/Desktop/RaporlamaProject6/frontend/.vercel/output/static/_astro/jsx-runtime.CnDyYxjH.js": {"path":"/Users/hayrikayar/Desktop/RaporlamaProject6/frontend/.vercel/output/static/_astro/jsx-runtime.CnDyYxjH.js","all":true,"statementMap":{"0":{"start":{"line":1,"column":0},"end":{"line":1,"column":444}}},"s":{"0":0},"branchMap":{"0":{"type":"branch","line":1,"loc":{"start":{"line":1,"column":444},"end":{"line":1,"column":444}},"locations":[{"start":{"line":1,"column":444},"end":{"line":1,"column":444}}]}},"b":{"0":[0]},"fnMap":{"0":{"name":"(empty-report)","decl":{"start":{"line":1,"column":444},"end":{"line":1,"column":444}},"loc":{"start":{"line":1,"column":444},"end":{"line":1,"column":444}},"line":1}},"f":{"0":0}}
,"/Users/hayrikayar/Desktop/RaporlamaProject6/frontend/.vercel/output/static/_astro/modal.DLcZm0LT.js": {"path":"/Users/hayrikayar/Desktop/RaporlamaProject6/frontend/.vercel/output/static/_astro/modal.DLcZm0LT.js","all":true,"statementMap":{"0":{"start":{"line":1,"column":0},"end":{"line":1,"column":2405}}},"s":{"0":0},"branchMap":{"0":{"type":"branch","line":1,"loc":{"start":{"line":1,"column":0},"end":{"line":1,"column":1949}},"locations":[{"start":{"line":1,"column":0},"end":{"line":1,"column":1949}}]}},"b":{"0":[0]},"fnMap":{"0":{"name":"(empty-report)","decl":{"start":{"line":1,"column":0},"end":{"line":1,"column":1949}},"loc":{"start":{"line":1,"column":0},"end":{"line":1,"column":1949}},"line":1}},"f":{"0":0}}
,"/Users/hayrikayar/Desktop/RaporlamaProject6/frontend/.vercel/output/static/_astro/react-virtualized-auto-sizer.esm.B33K7HGe.js": {"path":"/Users/hayrikayar/Desktop/RaporlamaProject6/frontend/.vercel/output/static/_astro/react-virtualized-auto-sizer.esm.B33K7HGe.js","all":true,"statementMap":{"0":{"start":{"line":1,"column":0},"end":{"line":1,"column":6548}}},"s":{"0":0},"branchMap":{"0":{"type":"branch","line":1,"loc":{"start":{"line":1,"column":0},"end":{"line":1,"column":6440}},"locations":[{"start":{"line":1,"column":0},"end":{"line":1,"column":6440}}]}},"b":{"0":[0]},"fnMap":{"0":{"name":"(empty-report)","decl":{"start":{"line":1,"column":0},"end":{"line":1,"column":6440}},"loc":{"start":{"line":1,"column":0},"end":{"line":1,"column":6440}},"line":1}},"f":{"0":0}}
,"/Users/hayrikayar/Desktop/RaporlamaProject6/frontend/.vercel/output/static/_astro/react-window.ZgLreGvZ.js": {"path":"/Users/hayrikayar/Desktop/RaporlamaProject6/frontend/.vercel/output/static/_astro/react-window.ZgLreGvZ.js","all":true,"statementMap":{"0":{"start":{"line":1,"column":0},"end":{"line":1,"column":12531}}},"s":{"0":0},"branchMap":{"0":{"type":"branch","line":1,"loc":{"start":{"line":1,"column":0},"end":{"line":1,"column":11496}},"locations":[{"start":{"line":1,"column":0},"end":{"line":1,"column":11496}}]}},"b":{"0":[0]},"fnMap":{"0":{"name":"(empty-report)","decl":{"start":{"line":1,"column":0},"end":{"line":1,"column":11496}},"loc":{"start":{"line":1,"column":0},"end":{"line":1,"column":11496}},"line":1}},"f":{"0":0}}
,"/Users/hayrikayar/Desktop/RaporlamaProject6/frontend/.vercel/output/static/_astro/roles.BsnXqofx.js": {"path":"/Users/hayrikayar/Desktop/RaporlamaProject6/frontend/.vercel/output/static/_astro/roles.BsnXqofx.js","all":true,"statementMap":{"0":{"start":{"line":1,"column":0},"end":{"line":1,"column":524}}},"s":{"0":0},"branchMap":{"0":{"type":"branch","line":1,"loc":{"start":{"line":1,"column":0},"end":{"line":1,"column":406}},"locations":[{"start":{"line":1,"column":0},"end":{"line":1,"column":406}}]}},"b":{"0":[0]},"fnMap":{"0":{"name":"(empty-report)","decl":{"start":{"line":1,"column":0},"end":{"line":1,"column":406}},"loc":{"start":{"line":1,"column":0},"end":{"line":1,"column":406}},"line":1}},"f":{"0":0}}
,"/Users/hayrikayar/Desktop/RaporlamaProject6/frontend/.vercel/output/static/_astro/sortable.esm.B-Y0gI-F.js": {"path":"/Users/hayrikayar/Desktop/RaporlamaProject6/frontend/.vercel/output/static/_astro/sortable.esm.B-Y0gI-F.js","all":true,"statementMap":{"0":{"start":{"line":1,"column":0},"end":{"line":1,"column":45521}}},"s":{"0":0},"branchMap":{"0":{"type":"branch","line":1,"loc":{"start":{"line":1,"column":0},"end":{"line":1,"column":42403}},"locations":[{"start":{"line":1,"column":0},"end":{"line":1,"column":42403}}]}},"b":{"0":[0]},"fnMap":{"0":{"name":"(empty-report)","decl":{"start":{"line":1,"column":0},"end":{"line":1,"column":42403}},"loc":{"start":{"line":1,"column":0},"end":{"line":1,"column":42403}},"line":1}},"f":{"0":0}}
,"/Users/hayrikayar/Desktop/RaporlamaProject6/frontend/.vercel/output/static/_astro/table.Dp2FAInk.js": {"path":"/Users/hayrikayar/Desktop/RaporlamaProject6/frontend/.vercel/output/static/_astro/table.Dp2FAInk.js","all":true,"statementMap":{"0":{"start":{"line":1,"column":0},"end":{"line":1,"column":1308}}},"s":{"0":0},"branchMap":{"0":{"type":"branch","line":1,"loc":{"start":{"line":1,"column":0},"end":{"line":1,"column":930}},"locations":[{"start":{"line":1,"column":0},"end":{"line":1,"column":930}}]}},"b":{"0":[0]},"fnMap":{"0":{"name":"(empty-report)","decl":{"start":{"line":1,"column":0},"end":{"line":1,"column":930}},"loc":{"start":{"line":1,"column":0},"end":{"line":1,"column":930}},"line":1}},"f":{"0":0}}
,"/Users/hayrikayar/Desktop/RaporlamaProject6/frontend/.vercel/output/static/_astro/useToast.BTghG0xz.js": {"path":"/Users/hayrikayar/Desktop/RaporlamaProject6/frontend/.vercel/output/static/_astro/useToast.BTghG0xz.js","all":true,"statementMap":{"0":{"start":{"line":1,"column":0},"end":{"line":1,"column":1516}}},"s":{"0":0},"branchMap":{"0":{"type":"branch","line":1,"loc":{"start":{"line":1,"column":0},"end":{"line":1,"column":1227}},"locations":[{"start":{"line":1,"column":0},"end":{"line":1,"column":1227}}]}},"b":{"0":[0]},"fnMap":{"0":{"name":"(empty-report)","decl":{"start":{"line":1,"column":0},"end":{"line":1,"column":1227}},"loc":{"start":{"line":1,"column":0},"end":{"line":1,"column":1227}},"line":1}},"f":{"0":0}}
,"/Users/hayrikayar/Desktop/RaporlamaProject6/frontend/src/lib/accessControl.ts": {"path":"/Users/hayrikayar/Desktop/RaporlamaProject6/frontend/src/lib/accessControl.ts","all":true,"statementMap":{"0":{"start":{"line":1,"column":0},"end":{"line":1,"column":56}},"13":{"start":{"line":14,"column":0},"end":{"line":14,"column":42}},"14":{"start":{"line":15,"column":0},"end":{"line":15,"column":46}},"16":{"start":{"line":17,"column":0},"end":{"line":17,"column":31}},"17":{"start":{"line":18,"column":0},"end":{"line":18,"column":78}},"18":{"start":{"line":19,"column":0},"end":{"line":19,"column":1}},"20":{"start":{"line":21,"column":0},"end":{"line":21,"column":59}},"21":{"start":{"line":22,"column":0},"end":{"line":22,"column":28}},"22":{"start":{"line":23,"column":0},"end":{"line":23,"column":7}},"23":{"start":{"line":24,"column":0},"end":{"line":24,"column":32}},"24":{"start":{"line":25,"column":0},"end":{"line":25,"column":11}},"25":{"start":{"line":26,"column":0},"end":{"line":26,"column":20}},"26":{"start":{"line":27,"column":0},"end":{"line":27,"column":3}},"27":{"start":{"line":28,"column":0},"end":{"line":28,"column":1}},"30":{"start":{"line":31,"column":0},"end":{"line":31,"column":69}},"31":{"start":{"line":32,"column":0},"end":{"line":32,"column":33}},"32":{"start":{"line":33,"column":0},"end":{"line":33,"column":38}},"34":{"start":{"line":35,"column":0},"end":{"line":35,"column":40}},"35":{"start":{"line":36,"column":0},"end":{"line":36,"column":31}},"36":{"start":{"line":37,"column":0},"end":{"line":37,"column":22}},"38":{"start":{"line":39,"column":0},"end":{"line":39,"column":40}},"39":{"start":{"line":40,"column":0},"end":{"line":40,"column":62}},"40":{"start":{"line":41,"column":0},"end":{"line":41,"column":35}},"41":{"start":{"line":42,"column":0},"end":{"line":42,"column":9}},"42":{"start":{"line":43,"column":0},"end":{"line":43,"column":7}},"43":{"start":{"line":44,"column":0},"end":{"line":44,"column":54}},"44":{"start":{"line":45,"column":0},"end":{"line":45,"column":32}},"45":{"start":{"line":46,"column":0},"end":{"line":46,"column":7}},"46":{"start":{"line":47,"column":0},"end":{"line":47,"column":5}},"47":{"start":{"line":48,"column":0},"end":{"line":48,"column":3}},"49":{"start":{"line":50,"column":0},"end":{"line":50,"column":18}},"50":{"start":{"line":51,"column":0},"end":{"line":51,"column":16}},"51":{"start":{"line":52,"column":0},"end":{"line":52,"column":1}},"56":{"start":{"line":57,"column":0},"end":{"line":57,"column":43}},"58":{"start":{"line":59,"column":0},"end":{"line":59,"column":95}},"61":{"start":{"line":62,"column":0},"end":{"line":62,"column":64}},"62":{"start":{"line":63,"column":0},"end":{"line":63,"column":1}},"67":{"start":{"line":68,"column":0},"end":{"line":68,"column":73}},"68":{"start":{"line":69,"column":0},"end":{"line":69,"column":29}},"69":{"start":{"line":70,"column":0},"end":{"line":70,"column":27}},"70":{"start":{"line":71,"column":0},"end":{"line":71,"column":38}},"71":{"start":{"line":72,"column":0},"end":{"line":72,"column":29}},"72":{"start":{"line":73,"column":0},"end":{"line":73,"column":35}},"73":{"start":{"line":74,"column":0},"end":{"line":74,"column":26}},"74":{"start":{"line":75,"column":0},"end":{"line":75,"column":3}},"76":{"start":{"line":77,"column":0},"end":{"line":77,"column":39}},"77":{"start":{"line":78,"column":0},"end":{"line":78,"column":1}},"80":{"start":{"line":81,"column":0},"end":{"line":81,"column":63}},"81":{"start":{"line":82,"column":0},"end":{"line":82,"column":30}},"82":{"start":{"line":83,"column":0},"end":{"line":83,"column":54}},"83":{"start":{"line":84,"column":0},"end":{"line":84,"column":64}},"85":{"start":{"line":86,"column":0},"end":{"line":86,"column":49}},"86":{"start":{"line":87,"column":0},"end":{"line":87,"column":61}},"87":{"start":{"line":88,"column":0},"end":{"line":88,"column":24}},"88":{"start":{"line":89,"column":0},"end":{"line":89,"column":120}},"89":{"start":{"line":90,"column":0},"end":{"line":90,"column":6}},"90":{"start":{"line":91,"column":0},"end":{"line":91,"column":36}},"91":{"start":{"line":92,"column":0},"end":{"line":92,"column":3}},"92":{"start":{"line":93,"column":0},"end":{"line":93,"column":17}},"93":{"start":{"line":94,"column":0},"end":{"line":94,"column":1}},"95":{"start":{"line":96,"column":0},"end":{"line":96,"column":75}},"96":{"start":{"line":97,"column":0},"end":{"line":97,"column":27}},"97":{"start":{"line":98,"column":0},"end":{"line":98,"column":7}},"99":{"start":{"line":100,"column":0},"end":{"line":100,"column":53}},"100":{"start":{"line":101,"column":0},"end":{"line":101,"column":63}},"101":{"start":{"line":102,"column":0},"end":{"line":102,"column":26}},"102":{"start":{"line":103,"column":0},"end":{"line":103,"column":122}},"103":{"start":{"line":104,"column":0},"end":{"line":104,"column":8}},"104":{"start":{"line":105,"column":0},"end":{"line":105,"column":40}},"105":{"start":{"line":106,"column":0},"end":{"line":106,"column":5}},"106":{"start":{"line":107,"column":0},"end":{"line":107,"column":71}},"107":{"start":{"line":108,"column":0},"end":{"line":108,"column":11}},"109":{"start":{"line":110,"column":0},"end":{"line":110,"column":3}},"110":{"start":{"line":111,"column":0},"end":{"line":111,"column":1}},"113":{"start":{"line":114,"column":0},"end":{"line":114,"column":80}},"114":{"start":{"line":115,"column":0},"end":{"line":115,"column":7}},"115":{"start":{"line":116,"column":0},"end":{"line":116,"column":55}},"116":{"start":{"line":117,"column":0},"end":{"line":117,"column":69}},"117":{"start":{"line":118,"column":0},"end":{"line":118,"column":47}},"118":{"start":{"line":119,"column":0},"end":{"line":119,"column":29}},"119":{"start":{"line":120,"column":0},"end":{"line":120,"column":45}},"120":{"start":{"line":121,"column":0},"end":{"line":121,"column":73}},"121":{"start":{"line":122,"column":0},"end":{"line":122,"column":34}},"122":{"start":{"line":123,"column":0},"end":{"line":123,"column":37}},"123":{"start":{"line":124,"column":0},"end":{"line":124,"column":58}},"124":{"start":{"line":125,"column":0},"end":{"line":125,"column":25}},"125":{"start":{"line":126,"column":0},"end":{"line":126,"column":7}},"126":{"start":{"line":127,"column":0},"end":{"line":127,"column":5}},"128":{"start":{"line":129,"column":0},"end":{"line":129,"column":25}},"129":{"start":{"line":130,"column":0},"end":{"line":130,"column":15}},"130":{"start":{"line":131,"column":0},"end":{"line":131,"column":15}},"132":{"start":{"line":133,"column":0},"end":{"line":133,"column":29}},"133":{"start":{"line":134,"column":0},"end":{"line":134,"column":3}},"134":{"start":{"line":135,"column":0},"end":{"line":135,"column":1}},"137":{"start":{"line":138,"column":0},"end":{"line":138,"column":122}},"138":{"start":{"line":139,"column":0},"end":{"line":139,"column":45}},"139":{"start":{"line":140,"column":0},"end":{"line":140,"column":77}},"140":{"start":{"line":141,"column":0},"end":{"line":141,"column":27}},"141":{"start":{"line":142,"column":0},"end":{"line":142,"column":7}},"142":{"start":{"line":143,"column":0},"end":{"line":143,"column":64}},"144":{"start":{"line":145,"column":0},"end":{"line":145,"column":28}},"145":{"start":{"line":146,"column":0},"end":{"line":146,"column":15}},"147":{"start":{"line":148,"column":0},"end":{"line":148,"column":28}},"148":{"start":{"line":149,"column":0},"end":{"line":149,"column":12}},"149":{"start":{"line":150,"column":0},"end":{"line":150,"column":3}},"150":{"start":{"line":151,"column":0},"end":{"line":151,"column":1}},"153":{"start":{"line":154,"column":0},"end":{"line":154,"column":61}},"154":{"start":{"line":155,"column":0},"end":{"line":155,"column":34}},"155":{"start":{"line":156,"column":0},"end":{"line":156,"column":54}},"156":{"start":{"line":157,"column":0},"end":{"line":157,"column":59}},"157":{"start":{"line":158,"column":0},"end":{"line":158,"column":30}},"158":{"start":{"line":159,"column":0},"end":{"line":159,"column":87}},"159":{"start":{"line":160,"column":0},"end":{"line":160,"column":1}},"161":{"start":{"line":162,"column":0},"end":{"line":162,"column":77}},"162":{"start":{"line":163,"column":0},"end":{"line":163,"column":27}},"163":{"start":{"line":164,"column":0},"end":{"line":164,"column":7}},"164":{"start":{"line":165,"column":0},"end":{"line":165,"column":56}},"165":{"start":{"line":166,"column":0},"end":{"line":166,"column":61}},"166":{"start":{"line":167,"column":0},"end":{"line":167,"column":29}},"167":{"start":{"line":168,"column":0},"end":{"line":168,"column":65}},"168":{"start":{"line":169,"column":0},"end":{"line":169,"column":11}},"170":{"start":{"line":171,"column":0},"end":{"line":171,"column":3}},"171":{"start":{"line":172,"column":0},"end":{"line":172,"column":1}},"174":{"start":{"line":175,"column":0},"end":{"line":175,"column":78}},"175":{"start":{"line":176,"column":0},"end":{"line":176,"column":7}},"176":{"start":{"line":177,"column":0},"end":{"line":177,"column":83}},"177":{"start":{"line":178,"column":0},"end":{"line":178,"column":55}},"178":{"start":{"line":179,"column":0},"end":{"line":179,"column":30}},"179":{"start":{"line":180,"column":0},"end":{"line":180,"column":65}},"181":{"start":{"line":182,"column":0},"end":{"line":182,"column":37}},"182":{"start":{"line":183,"column":0},"end":{"line":183,"column":17}},"183":{"start":{"line":184,"column":0},"end":{"line":184,"column":5}},"184":{"start":{"line":185,"column":0},"end":{"line":185,"column":37}},"185":{"start":{"line":186,"column":0},"end":{"line":186,"column":11}},"186":{"start":{"line":187,"column":0},"end":{"line":187,"column":37}},"187":{"start":{"line":188,"column":0},"end":{"line":188,"column":3}},"188":{"start":{"line":189,"column":0},"end":{"line":189,"column":1}},"190":{"start":{"line":191,"column":0},"end":{"line":191,"column":93}},"191":{"start":{"line":192,"column":0},"end":{"line":192,"column":7}},"192":{"start":{"line":193,"column":0},"end":{"line":193,"column":68}},"193":{"start":{"line":194,"column":0},"end":{"line":194,"column":40}},"194":{"start":{"line":195,"column":0},"end":{"line":195,"column":15}},"195":{"start":{"line":196,"column":0},"end":{"line":196,"column":40}},"196":{"start":{"line":197,"column":0},"end":{"line":197,"column":12}},"197":{"start":{"line":198,"column":0},"end":{"line":198,"column":3}},"198":{"start":{"line":199,"column":0},"end":{"line":199,"column":1}},"202":{"start":{"line":203,"column":0},"end":{"line":203,"column":76}},"203":{"start":{"line":204,"column":0},"end":{"line":204,"column":7}},"204":{"start":{"line":205,"column":0},"end":{"line":205,"column":77}},"205":{"start":{"line":206,"column":0},"end":{"line":206,"column":79}},"206":{"start":{"line":207,"column":0},"end":{"line":207,"column":53}},"207":{"start":{"line":208,"column":0},"end":{"line":208,"column":28}},"208":{"start":{"line":209,"column":0},"end":{"line":209,"column":35}},"209":{"start":{"line":210,"column":0},"end":{"line":210,"column":28}},"210":{"start":{"line":211,"column":0},"end":{"line":211,"column":37}},"211":{"start":{"line":212,"column":0},"end":{"line":212,"column":7}},"213":{"start":{"line":214,"column":0},"end":{"line":214,"column":54}},"214":{"start":{"line":215,"column":0},"end":{"line":215,"column":52}},"215":{"start":{"line":216,"column":0},"end":{"line":216,"column":34}},"216":{"start":{"line":217,"column":0},"end":{"line":217,"column":37}},"217":{"start":{"line":218,"column":0},"end":{"line":218,"column":47}},"218":{"start":{"line":219,"column":0},"end":{"line":219,"column":7}},"220":{"start":{"line":221,"column":0},"end":{"line":221,"column":65}},"221":{"start":{"line":222,"column":0},"end":{"line":222,"column":53}},"222":{"start":{"line":223,"column":0},"end":{"line":223,"column":16}},"223":{"start":{"line":224,"column":0},"end":{"line":224,"column":33}},"224":{"start":{"line":225,"column":0},"end":{"line":225,"column":63}},"225":{"start":{"line":226,"column":0},"end":{"line":226,"column":7}},"227":{"start":{"line":228,"column":0},"end":{"line":228,"column":18}},"228":{"start":{"line":229,"column":0},"end":{"line":229,"column":24}},"229":{"start":{"line":230,"column":0},"end":{"line":230,"column":113}},"230":{"start":{"line":231,"column":0},"end":{"line":231,"column":67}},"231":{"start":{"line":232,"column":0},"end":{"line":232,"column":15}},"232":{"start":{"line":233,"column":0},"end":{"line":233,"column":30}},"233":{"start":{"line":234,"column":0},"end":{"line":234,"column":38}},"234":{"start":{"line":235,"column":0},"end":{"line":235,"column":38}},"235":{"start":{"line":236,"column":0},"end":{"line":236,"column":45}},"236":{"start":{"line":237,"column":0},"end":{"line":237,"column":7}},"237":{"start":{"line":238,"column":0},"end":{"line":238,"column":14}},"238":{"start":{"line":239,"column":0},"end":{"line":239,"column":3}},"239":{"start":{"line":240,"column":0},"end":{"line":240,"column":1}},"242":{"start":{"line":243,"column":0},"end":{"line":243,"column":89}},"243":{"start":{"line":244,"column":0},"end":{"line":244,"column":7}},"244":{"start":{"line":245,"column":0},"end":{"line":245,"column":62}},"245":{"start":{"line":246,"column":0},"end":{"line":246,"column":15}},"246":{"start":{"line":247,"column":0},"end":{"line":247,"column":50}},"247":{"start":{"line":248,"column":0},"end":{"line":248,"column":12}},"248":{"start":{"line":249,"column":0},"end":{"line":249,"column":3}},"249":{"start":{"line":250,"column":0},"end":{"line":250,"column":1}},"252":{"start":{"line":253,"column":0},"end":{"line":253,"column":99}},"253":{"start":{"line":254,"column":0},"end":{"line":254,"column":7}},"255":{"start":{"line":256,"column":0},"end":{"line":256,"column":82}},"256":{"start":{"line":257,"column":0},"end":{"line":257,"column":84}},"257":{"start":{"line":258,"column":0},"end":{"line":258,"column":18}},"258":{"start":{"line":259,"column":0},"end":{"line":259,"column":5}},"260":{"start":{"line":261,"column":0},"end":{"line":261,"column":84}},"263":{"start":{"line":264,"column":0},"end":{"line":264,"column":51}},"264":{"start":{"line":265,"column":0},"end":{"line":265,"column":139}},"267":{"start":{"line":268,"column":0},"end":{"line":268,"column":41}},"268":{"start":{"line":269,"column":0},"end":{"line":269,"column":110}},"269":{"start":{"line":270,"column":0},"end":{"line":270,"column":19}},"270":{"start":{"line":271,"column":0},"end":{"line":271,"column":5}},"272":{"start":{"line":273,"column":0},"end":{"line":273,"column":38}},"273":{"start":{"line":274,"column":0},"end":{"line":274,"column":15}},"274":{"start":{"line":275,"column":0},"end":{"line":275,"column":52}},"276":{"start":{"line":277,"column":0},"end":{"line":277,"column":17}},"277":{"start":{"line":278,"column":0},"end":{"line":278,"column":3}},"278":{"start":{"line":279,"column":0},"end":{"line":279,"column":1}},"281":{"start":{"line":282,"column":0},"end":{"line":282,"column":46}},"282":{"start":{"line":283,"column":0},"end":{"line":283,"column":42}},"283":{"start":{"line":284,"column":0},"end":{"line":284,"column":7}},"284":{"start":{"line":285,"column":0},"end":{"line":285,"column":15}},"285":{"start":{"line":286,"column":0},"end":{"line":286,"column":24}},"286":{"start":{"line":287,"column":0},"end":{"line":287,"column":38}},"287":{"start":{"line":288,"column":0},"end":{"line":288,"column":20}},"288":{"start":{"line":289,"column":0},"end":{"line":289,"column":29}},"289":{"start":{"line":290,"column":0},"end":{"line":290,"column":27}},"290":{"start":{"line":291,"column":0},"end":{"line":291,"column":14}},"291":{"start":{"line":292,"column":0},"end":{"line":292,"column":11}},"292":{"start":{"line":293,"column":0},"end":{"line":293,"column":45}},"293":{"start":{"line":294,"column":0},"end":{"line":294,"column":3}},"294":{"start":{"line":295,"column":0},"end":{"line":295,"column":1}}},"s":{"0":0,"13":0,"14":0,"16":0,"17":0,"18":0,"20":0,"21":0,"22":0,"23":0,"24":0,"25":0,"26":0,"27":0,"30":0,"31":0,"32":0,"34":0,"35":0,"36":0,"38":0,"39":0,"40":0,"41":0,"42":0,"43":0,"44":0,"45":0,"46":0,"47":0,"49":0,"50":0,"51":0,"56":0,"58":0,"61":0,"62":0,"67":0,"68":0,"69":0,"70":0,"71":0,"72":0,"73":0,"74":0,"76":0,"77":0,"80":0,"81":0,"82":0,"83":0,"85":0,"86":0,"87":0,"88":0,"89":0,"90":0,"91":0,"92":0,"93":0,"95":0,"96":0,"97":0,"99":0,"100":0,"101":0,"102":0,"103":0,"104":0,"105":0,"106":0,"107":0,"109":0,"110":0,"113":0,"114":0,"115":0,"116":0,"117":0,"118":0,"119":0,"120":0,"121":0,"122":0,"123":0,"124":0,"125":0,"126":0,"128":0,"129":0,"130":0,"132":0,"133":0,"134":0,"137":0,"138":0,"139":0,"140":0,"141":0,"142":0,"144":0,"145":0,"147":0,"148":0,"149":0,"150":0,"153":0,"154":0,"155":0,"156":0,"157":0,"158":0,"159":0,"161":0,"162":0,"163":0,"164":0,"165":0,"166":0,"167":0,"168":0,"170":0,"171":0,"174":0,"175":0,"176":0,"177":0,"178":0,"179":0,"181":0,"182":0,"183":0,"184":0,"185":0,"186":0,"187":0,"188":0,"190":0,"191":0,"192":0,"193":0,"194":0,"195":0,"196":0,"197":0,"198":0,"202":0,"203":0,"204":0,"205":0,"206":0,"207":0,"208":0,"209":0,"210":0,"211":0,"213":0,"214":0,"215":0,"216":0,"217":0,"218":0,"220":0,"221":0,"222":0,"223":0,"224":0,"225":0,"227":0,"228":0,"229":0,"230":0,"231":0,"232":0,"233":0,"234":0,"235":0,"236":0,"237":0,"238":0,"239":0,"242":0,"243":0,"244":0,"245":0,"246":0,"247":0,"248":0,"249":0,"252":0,"253":0,"255":0,"256":0,"257":0,"258":0,"260":0,"263":0,"264":0,"267":0,"268":0,"269":0,"270":0,"272":0,"273":0,"274":0,"276":0,"277":0,"278":0,"281":0,"282":0,"283":0,"284":0,"285":0,"286":0,"287":0,"288":0,"289":0,"290":0,"291":0,"292":0,"293":0,"294":0},"branchMap":{"0":{"type":"branch","line":1,"loc":{"start":{"line":1,"column":10124},"end":{"line":295,"column":1}},"locations":[{"start":{"line":1,"column":10124},"end":{"line":295,"column":1}}]}},"b":{"0":[0]},"fnMap":{"0":{"name":"(empty-report)","decl":{"start":{"line":1,"column":10124},"end":{"line":295,"column":1}},"loc":{"start":{"line":1,"column":10124},"end":{"line":295,"column":1}},"line":1}},"f":{"0":0}}
,"/Users/hayrikayar/Desktop/RaporlamaProject6/frontend/src/lib/api.ts": {"path":"/Users/hayrikayar/Desktop/RaporlamaProject6/frontend/src/lib/api.ts","all":true,"statementMap":{"0":{"start":{"line":1,"column":0},"end":{"line":1,"column":36}},"22":{"start":{"line":23,"column":0},"end":{"line":23,"column":54}},"23":{"start":{"line":24,"column":0},"end":{"line":24,"column":49}},"24":{"start":{"line":25,"column":0},"end":{"line":25,"column":23}},"25":{"start":{"line":26,"column":0},"end":{"line":26,"column":2}},"28":{"start":{"line":29,"column":0},"end":{"line":29,"column":78}},"29":{"start":{"line":30,"column":0},"end":{"line":30,"column":60}},"30":{"start":{"line":31,"column":0},"end":{"line":31,"column":23}},"31":{"start":{"line":32,"column":0},"end":{"line":32,"column":2}},"34":{"start":{"line":35,"column":0},"end":{"line":35,"column":90}},"35":{"start":{"line":36,"column":0},"end":{"line":36,"column":65}},"36":{"start":{"line":37,"column":0},"end":{"line":37,"column":23}},"37":{"start":{"line":38,"column":0},"end":{"line":38,"column":2}},"40":{"start":{"line":41,"column":0},"end":{"line":41,"column":64}},"41":{"start":{"line":42,"column":0},"end":{"line":42,"column":41}},"42":{"start":{"line":43,"column":0},"end":{"line":43,"column":2}}},"s":{"0":0,"22":0,"23":0,"24":0,"25":0,"28":0,"29":0,"30":0,"31":0,"34":0,"35":0,"36":0,"37":0,"40":0,"41":0,"42":0},"branchMap":{"0":{"type":"branch","line":1,"loc":{"start":{"line":1,"column":0},"end":{"line":43,"column":-7}},"locations":[{"start":{"line":1,"column":0},"end":{"line":43,"column":-7}}]}},"b":{"0":[0]},"fnMap":{"0":{"name":"(empty-report)","decl":{"start":{"line":1,"column":0},"end":{"line":43,"column":-7}},"loc":{"start":{"line":1,"column":0},"end":{"line":43,"column":-7}},"line":1}},"f":{"0":0}}
,"/Users/hayrikayar/Desktop/RaporlamaProject6/frontend/src/lib/authHelpers.ts": {"path":"/Users/hayrikayar/Desktop/RaporlamaProject6/frontend/src/lib/authHelpers.ts","all":true,"statementMap":{"0":{"start":{"line":1,"column":0},"end":{"line":1,"column":38}},"4":{"start":{"line":5,"column":0},"end":{"line":5,"column":38}},"10":{"start":{"line":11,"column":0},"end":{"line":11,"column":47}},"11":{"start":{"line":12,"column":0},"end":{"line":12,"column":7}},"13":{"start":{"line":14,"column":0},"end":{"line":14,"column":67}},"14":{"start":{"line":15,"column":0},"end":{"line":15,"column":40}},"15":{"start":{"line":16,"column":0},"end":{"line":16,"column":48}},"16":{"start":{"line":17,"column":0},"end":{"line":17,"column":33}},"17":{"start":{"line":18,"column":0},"end":{"line":18,"column":5}},"20":{"start":{"line":21,"column":0},"end":{"line":21,"column":100}},"21":{"start":{"line":22,"column":0},"end":{"line":22,"column":102}},"23":{"start":{"line":24,"column":0},"end":{"line":24,"column":38}},"25":{"start":{"line":26,"column":0},"end":{"line":26,"column":63}},"26":{"start":{"line":27,"column":0},"end":{"line":27,"column":47}},"27":{"start":{"line":28,"column":0},"end":{"line":28,"column":68}},"28":{"start":{"line":29,"column":0},"end":{"line":29,"column":36}},"29":{"start":{"line":30,"column":0},"end":{"line":30,"column":38}},"30":{"start":{"line":31,"column":0},"end":{"line":31,"column":11}},"32":{"start":{"line":33,"column":0},"end":{"line":33,"column":20}},"33":{"start":{"line":34,"column":0},"end":{"line":34,"column":81}},"34":{"start":{"line":35,"column":0},"end":{"line":35,"column":22}},"35":{"start":{"line":36,"column":0},"end":{"line":36,"column":9}},"37":{"start":{"line":38,"column":0},"end":{"line":38,"column":39}},"38":{"start":{"line":39,"column":0},"end":{"line":39,"column":47}},"39":{"start":{"line":40,"column":0},"end":{"line":40,"column":9}},"40":{"start":{"line":41,"column":0},"end":{"line":41,"column":47}},"41":{"start":{"line":42,"column":0},"end":{"line":42,"column":14}},"43":{"start":{"line":44,"column":0},"end":{"line":44,"column":20}},"44":{"start":{"line":45,"column":0},"end":{"line":45,"column":7}},"45":{"start":{"line":46,"column":0},"end":{"line":46,"column":5}},"47":{"start":{"line":48,"column":0},"end":{"line":48,"column":16}},"48":{"start":{"line":49,"column":0},"end":{"line":49,"column":19}},"49":{"start":{"line":50,"column":0},"end":{"line":50,"column":71}},"50":{"start":{"line":51,"column":0},"end":{"line":51,"column":16}},"51":{"start":{"line":52,"column":0},"end":{"line":52,"column":3}},"52":{"start":{"line":53,"column":0},"end":{"line":53,"column":1}},"58":{"start":{"line":59,"column":0},"end":{"line":59,"column":59}},"59":{"start":{"line":60,"column":0},"end":{"line":60,"column":7}},"60":{"start":{"line":61,"column":0},"end":{"line":61,"column":94}},"61":{"start":{"line":62,"column":0},"end":{"line":62,"column":28}},"63":{"start":{"line":64,"column":0},"end":{"line":64,"column":42}},"68":{"start":{"line":69,"column":0},"end":{"line":69,"column":76}},"70":{"start":{"line":71,"column":0},"end":{"line":71,"column":17}},"71":{"start":{"line":72,"column":0},"end":{"line":72,"column":27}},"72":{"start":{"line":73,"column":0},"end":{"line":73,"column":5}},"74":{"start":{"line":75,"column":0},"end":{"line":75,"column":26}},"75":{"start":{"line":76,"column":0},"end":{"line":76,"column":28}},"76":{"start":{"line":77,"column":0},"end":{"line":77,"column":78}},"77":{"start":{"line":78,"column":0},"end":{"line":78,"column":67}},"78":{"start":{"line":79,"column":0},"end":{"line":79,"column":40}},"79":{"start":{"line":80,"column":0},"end":{"line":80,"column":42}},"80":{"start":{"line":81,"column":0},"end":{"line":81,"column":48}},"81":{"start":{"line":82,"column":0},"end":{"line":82,"column":49}},"82":{"start":{"line":83,"column":0},"end":{"line":83,"column":45}},"83":{"start":{"line":84,"column":0},"end":{"line":84,"column":40}},"84":{"start":{"line":85,"column":0},"end":{"line":85,"column":7}},"85":{"start":{"line":86,"column":0},"end":{"line":86,"column":5}},"86":{"start":{"line":87,"column":0},"end":{"line":87,"column":16}},"87":{"start":{"line":88,"column":0},"end":{"line":88,"column":3}},"88":{"start":{"line":89,"column":0},"end":{"line":89,"column":1}},"94":{"start":{"line":95,"column":0},"end":{"line":95,"column":59}},"96":{"start":{"line":97,"column":0},"end":{"line":97,"column":38}},"97":{"start":{"line":98,"column":0},"end":{"line":98,"column":35}},"98":{"start":{"line":99,"column":0},"end":{"line":99,"column":57}},"99":{"start":{"line":100,"column":0},"end":{"line":100,"column":18}},"100":{"start":{"line":101,"column":0},"end":{"line":101,"column":5}},"101":{"start":{"line":102,"column":0},"end":{"line":102,"column":3}},"103":{"start":{"line":104,"column":0},"end":{"line":104,"column":20}},"104":{"start":{"line":105,"column":0},"end":{"line":105,"column":23}},"105":{"start":{"line":106,"column":0},"end":{"line":106,"column":3}},"108":{"start":{"line":109,"column":0},"end":{"line":109,"column":48}},"109":{"start":{"line":110,"column":0},"end":{"line":110,"column":26}},"110":{"start":{"line":111,"column":0},"end":{"line":111,"column":27}},"111":{"start":{"line":112,"column":0},"end":{"line":112,"column":3}},"114":{"start":{"line":115,"column":0},"end":{"line":115,"column":86}},"115":{"start":{"line":116,"column":0},"end":{"line":116,"column":42}},"117":{"start":{"line":118,"column":0},"end":{"line":118,"column":16}},"118":{"start":{"line":119,"column":0},"end":{"line":119,"column":1}}},"s":{"0":0,"4":0,"10":0,"11":0,"13":0,"14":0,"15":0,"16":0,"17":0,"20":0,"21":0,"23":0,"25":0,"26":0,"27":0,"28":0,"29":0,"30":0,"32":0,"33":0,"34":0,"35":0,"37":0,"38":0,"39":0,"40":0,"41":0,"43":0,"44":0,"45":0,"47":0,"48":0,"49":0,"50":0,"51":0,"52":0,"58":0,"59":0,"60":0,"61":0,"63":0,"68":0,"70":0,"71":0,"72":0,"74":0,"75":0,"76":0,"77":0,"78":0,"79":0,"80":0,"81":0,"82":0,"83":0,"84":0,"85":0,"86":0,"87":0,"88":0,"94":0,"96":0,"97":0,"98":0,"99":0,"100":0,"101":0,"103":0,"104":0,"105":0,"108":0,"109":0,"110":0,"111":0,"114":0,"115":0,"117":0,"118":0},"branchMap":{"0":{"type":"branch","line":1,"loc":{"start":{"line":1,"column":3870},"end":{"line":119,"column":1}},"locations":[{"start":{"line":1,"column":3870},"end":{"line":119,"column":1}}]}},"b":{"0":[0]},"fnMap":{"0":{"name":"(empty-report)","decl":{"start":{"line":1,"column":3870},"end":{"line":119,"column":1}},"loc":{"start":{"line":1,"column":3870},"end":{"line":119,"column":1}},"line":1}},"f":{"0":0}}
,"/Users/hayrikayar/Desktop/RaporlamaProject6/frontend/src/lib/axiosClient.ts": {"path":"/Users/hayrikayar/Desktop/RaporlamaProject6/frontend/src/lib/axiosClient.ts","all":false,"statementMap":{"0":{"start":{"line":1,"column":0},"end":{"line":1,"column":26}},"12":{"start":{"line":13,"column":0},"end":{"line":13,"column":15}},"13":{"start":{"line":14,"column":0},"end":{"line":14,"column":99}},"14":{"start":{"line":15,"column":0},"end":{"line":15,"column":68}},"15":{"start":{"line":16,"column":0},"end":{"line":16,"column":30}},"17":{"start":{"line":18,"column":0},"end":{"line":18,"column":33}},"18":{"start":{"line":19,"column":0},"end":{"line":19,"column":10}},"19":{"start":{"line":20,"column":0},"end":{"line":20,"column":25}},"20":{"start":{"line":21,"column":0},"end":{"line":21,"column":3}},"23":{"start":{"line":24,"column":0},"end":{"line":24,"column":48}},"24":{"start":{"line":25,"column":0},"end":{"line":25,"column":7}},"25":{"start":{"line":26,"column":0},"end":{"line":26,"column":36}},"28":{"start":{"line":29,"column":0},"end":{"line":29,"column":40}},"29":{"start":{"line":30,"column":0},"end":{"line":30,"column":62}},"30":{"start":{"line":31,"column":0},"end":{"line":31,"column":41}},"31":{"start":{"line":32,"column":0},"end":{"line":32,"column":5}},"34":{"start":{"line":35,"column":0},"end":{"line":35,"column":17}},"35":{"start":{"line":36,"column":0},"end":{"line":36,"column":11}},"36":{"start":{"line":37,"column":0},"end":{"line":37,"column":58}},"37":{"start":{"line":38,"column":0},"end":{"line":38,"column":51}},"38":{"start":{"line":39,"column":0},"end":{"line":39,"column":111}},"39":{"start":{"line":40,"column":0},"end":{"line":40,"column":28}},"40":{"start":{"line":41,"column":0},"end":{"line":41,"column":67}},"41":{"start":{"line":42,"column":0},"end":{"line":42,"column":7}},"42":{"start":{"line":43,"column":0},"end":{"line":43,"column":5}},"44":{"start":{"line":45,"column":0},"end":{"line":45,"column":16}},"45":{"start":{"line":46,"column":0},"end":{"line":46,"column":42}},"46":{"start":{"line":47,"column":0},"end":{"line":47,"column":37}},"47":{"start":{"line":48,"column":0},"end":{"line":48,"column":77}},"48":{"start":{"line":49,"column":0},"end":{"line":49,"column":48}},"49":{"start":{"line":50,"column":0},"end":{"line":50,"column":14}},"50":{"start":{"line":51,"column":0},"end":{"line":51,"column":26}},"51":{"start":{"line":52,"column":0},"end":{"line":52,"column":36}},"52":{"start":{"line":53,"column":0},"end":{"line":53,"column":35}},"53":{"start":{"line":54,"column":0},"end":{"line":54,"column":10}},"54":{"start":{"line":55,"column":0},"end":{"line":55,"column":7}},"55":{"start":{"line":56,"column":0},"end":{"line":56,"column":12}},"56":{"start":{"line":57,"column":0},"end":{"line":57,"column":81}},"57":{"start":{"line":58,"column":0},"end":{"line":58,"column":5}},"58":{"start":{"line":59,"column":0},"end":{"line":59,"column":19}},"59":{"start":{"line":60,"column":0},"end":{"line":60,"column":56}},"60":{"start":{"line":61,"column":0},"end":{"line":61,"column":3}},"61":{"start":{"line":62,"column":0},"end":{"line":62,"column":16}},"62":{"start":{"line":63,"column":0},"end":{"line":63,"column":3}},"75":{"start":{"line":76,"column":0},"end":{"line":76,"column":43}},"78":{"start":{"line":79,"column":0},"end":{"line":79,"column":19}},"79":{"start":{"line":80,"column":0},"end":{"line":80,"column":132}},"80":{"start":{"line":81,"column":0},"end":{"line":81,"column":130}},"81":{"start":{"line":82,"column":0},"end":{"line":82,"column":83}},"82":{"start":{"line":83,"column":0},"end":{"line":83,"column":80}},"83":{"start":{"line":84,"column":0},"end":{"line":84,"column":24}},"84":{"start":{"line":85,"column":0},"end":{"line":85,"column":2}},"87":{"start":{"line":88,"column":0},"end":{"line":88,"column":30}},"88":{"start":{"line":89,"column":0},"end":{"line":89,"column":21}},"89":{"start":{"line":90,"column":0},"end":{"line":90,"column":9}},"90":{"start":{"line":91,"column":0},"end":{"line":91,"column":69}},"91":{"start":{"line":92,"column":0},"end":{"line":92,"column":17}},"92":{"start":{"line":93,"column":0},"end":{"line":93,"column":70}},"93":{"start":{"line":94,"column":0},"end":{"line":94,"column":82}},"94":{"start":{"line":95,"column":0},"end":{"line":95,"column":23}},"95":{"start":{"line":96,"column":0},"end":{"line":96,"column":5}},"96":{"start":{"line":97,"column":0},"end":{"line":97,"column":3}},"97":{"start":{"line":98,"column":0},"end":{"line":98,"column":76}},"98":{"start":{"line":99,"column":0},"end":{"line":99,"column":2}},"101":{"start":{"line":102,"column":0},"end":{"line":102,"column":82}},"103":{"start":{"line":104,"column":0},"end":{"line":104,"column":79}},"104":{"start":{"line":105,"column":0},"end":{"line":105,"column":16}},"105":{"start":{"line":106,"column":0},"end":{"line":106,"column":3}},"108":{"start":{"line":109,"column":0},"end":{"line":109,"column":64}},"109":{"start":{"line":110,"column":0},"end":{"line":110,"column":45}},"111":{"start":{"line":112,"column":0},"end":{"line":112,"column":77}},"112":{"start":{"line":113,"column":0},"end":{"line":113,"column":1}},"115":{"start":{"line":116,"column":0},"end":{"line":116,"column":30}},"116":{"start":{"line":117,"column":0},"end":{"line":117,"column":23}},"118":{"start":{"line":119,"column":0},"end":{"line":119,"column":9}},"120":{"start":{"line":121,"column":0},"end":{"line":121,"column":43}},"121":{"start":{"line":122,"column":0},"end":{"line":122,"column":13}},"122":{"start":{"line":123,"column":0},"end":{"line":123,"column":58}},"123":{"start":{"line":124,"column":0},"end":{"line":124,"column":78}},"126":{"start":{"line":127,"column":0},"end":{"line":127,"column":98}},"127":{"start":{"line":128,"column":0},"end":{"line":128,"column":24}},"128":{"start":{"line":1
[...]
,"column":65}},"locations":[{"start":{"line":11,"column":34},"end":{"line":11,"column":65}}]},"5":{"type":"branch","line":11,"loc":{"start":{"line":11,"column":57},"end":{"line":11,"column":92}},"locations":[{"start":{"line":11,"column":57},"end":{"line":11,"column":92}}]},"6":{"type":"branch","line":11,"loc":{"start":{"line":11,"column":92},"end":{"line":13,"column":7}},"locations":[{"start":{"line":11,"column":92},"end":{"line":13,"column":7}}]},"7":{"type":"branch","line":13,"loc":{"start":{"line":13,"column":6},"end":{"line":14,"column":68}},"locations":[{"start":{"line":13,"column":6},"end":{"line":14,"column":68}}]},"8":{"type":"branch","line":13,"loc":{"start":{"line":13,"column":6},"end":{"line":14,"column":35}},"locations":[{"start":{"line":13,"column":6},"end":{"line":14,"column":35}}]},"9":{"type":"branch","line":14,"loc":{"start":{"line":14,"column":21},"end":{"line":14,"column":68}},"locations":[{"start":{"line":14,"column":21},"end":{"line":14,"column":68}}]},"10":{"type":"branch","line":14,"loc":{"start":{"line":14,"column":68},"end":{"line":16,"column":7}},"locations":[{"start":{"line":14,"column":68},"end":{"line":16,"column":7}}]},"11":{"type":"branch","line":17,"loc":{"start":{"line":17,"column":4},"end":{"line":24,"column":3}},"locations":[{"start":{"line":17,"column":4},"end":{"line":24,"column":3}}]},"12":{"type":"branch","line":17,"loc":{"start":{"line":17,"column":4},"end":{"line":18,"column":32}},"locations":[{"start":{"line":17,"column":4},"end":{"line":18,"column":32}}]},"13":{"type":"branch","line":18,"loc":{"start":{"line":18,"column":32},"end":{"line":20,"column":5}},"locations":[{"start":{"line":18,"column":32},"end":{"line":20,"column":5}}]},"14":{"type":"branch","line":20,"loc":{"start":{"line":20,"column":4},"end":{"line":22,"column":10}},"locations":[{"start":{"line":20,"column":4},"end":{"line":22,"column":10}}]},"15":{"type":"branch","line":22,"loc":{"start":{"line":22,"column":2},"end":{"line":24,"column":3}},"locations":[{"start":{"line":22,"column":2},"end":{"line":24,"column":3}}]}},"b":{"0":[33],"1":[31],"2":[28],"3":[20],"4":[20],"5":[18],"6":[17],"7":[15],"8":[11],"9":[6],"10":[6],"11":[15],"12":[10],"13":[1],"14":[9],"15":[0]},"fnMap":{"0":{"name":"getListItems","decl":{"start":{"line":6,"column":7},"end":{"line":25,"column":1}},"loc":{"start":{"line":6,"column":7},"end":{"line":25,"column":1}},"line":6}},"f":{"0":33}}
,"/Users/hayrikayar/Desktop/RaporlamaProject6/frontend/src/utils/deviceDetection.ts": {"path":"/Users/hayrikayar/Desktop/RaporlamaProject6/frontend/src/utils/deviceDetection.ts","all":true,"statementMap":{"0":{"start":{"line":1,"column":0},"end":{"line":1,"column":3}},"8":{"start":{"line":9,"column":0},"end":{"line":9,"column":43}},"9":{"start":{"line":10,"column":0},"end":{"line":10,"column":50}},"12":{"start":{"line":13,"column":0},"end":{"line":13,"column":32}},"13":{"start":{"line":14,"column":0},"end":{"line":14,"column":16}},"14":{"start":{"line":15,"column":0},"end":{"line":15,"column":3}},"17":{"start":{"line":18,"column":0},"end":{"line":18,"column":85}},"18":{"start":{"line":19,"column":0},"end":{"line":19,"column":87}},"19":{"start":{"line":20,"column":0},"end":{"line":20,"column":37}},"20":{"start":{"line":21,"column":0},"end":{"line":21,"column":1}},"26":{"start":{"line":27,"column":0},"end":{"line":27,"column":43}},"27":{"start":{"line":28,"column":0},"end":{"line":28,"column":50}},"29":{"start":{"line":30,"column":0},"end":{"line":30,"column":34}},"30":{"start":{"line":31,"column":0},"end":{"line":31,"column":37}},"31":{"start":{"line":32,"column":0},"end":{"line":32,"column":16}},"32":{"start":{"line":33,"column":0},"end":{"line":33,"column":3}},"35":{"start":{"line":36,"column":0},"end":{"line":36,"column":85}},"36":{"start":{"line":37,"column":0},"end":{"line":37,"column":57}},"37":{"start":{"line":38,"column":0},"end":{"line":38,"column":37}},"38":{"start":{"line":39,"column":0},"end":{"line":39,"column":1}},"44":{"start":{"line":45,"column":0},"end":{"line":45,"column":45}},"45":{"start":{"line":46,"column":0},"end":{"line":46,"column":46}},"46":{"start":{"line":47,"column":0},"end":{"line":47,"column":1}},"52":{"start":{"line":53,"column":0},"end":{"line":53,"column":44}},"53":{"start":{"line":54,"column":0},"end":{"line":54,"column":29}},"54":{"start":{"line":55,"column":0},"end":{"line":55,"column":1}},"60":{"start":{"line":61,"column":0},"end":{"line":61,"column":66}},"61":{"start":{"line":62,"column":0},"end":{"line":62,"column":40}},"62":{"start":{"line":63,"column":0},"end":{"line":63,"column":40}},"63":{"start":{"line":64,"column":0},"end":{"line":64,"column":19}},"64":{"start":{"line":65,"column":0},"end":{"line":65,"column":1}}},"s":{"0":0,"8":0,"9":0,"12":0,"13":0,"14":0,"17":0,"18":0,"19":0,"20":0,"26":0,"27":0,"29":0,"30":0,"31":0,"32":0,"35":0,"36":0,"37":0,"38":0,"44":0,"45":0,"46":0,"52":0,"53":0,"54":0,"60":0,"61":0,"62":0,"63":0,"64":0},"branchMap":{"0":{"type":"branch","line":1,"loc":{"start":{"line":1,"column":1800},"end":{"line":65,"column":1}},"locations":[{"start":{"line":1,"column":1800},"end":{"line":65,"column":1}}]}},"b":{"0":[0]},"fnMap":{"0":{"name":"(empty-report)","decl":{"start":{"line":1,"column":1800},"end":{"line":65,"column":1}},"loc":{"start":{"line":1,"column":1800},"end":{"line":65,"column":1}},"line":1}},"f":{"0":0}}
,"/Users/hayrikayar/Desktop/RaporlamaProject6/frontend/src/utils/kpiPayload.ts": {"path":"/Users/hayrikayar/Desktop/RaporlamaProject6/frontend/src/utils/kpiPayload.ts","all":false,"statementMap":{"0":{"start":{"line":1,"column":0},"end":{"line":1,"column":55}},"3":{"start":{"line":4,"column":0},"end":{"line":4,"column":40}},"18":{"start":{"line":19,"column":0},"end":{"line":19,"column":8}},"20":{"start":{"line":21,"column":0},"end":{"line":21,"column":18}},"21":{"start":{"line":22,"column":0},"end":{"line":22,"column":41}},"22":{"start":{"line":23,"column":0},"end":{"line":23,"column":33}},"23":{"start":{"line":24,"column":0},"end":{"line":24,"column":22}},"24":{"start":{"line":25,"column":0},"end":{"line":25,"column":24}},"25":{"start":{"line":26,"column":0},"end":{"line":26,"column":40}},"26":{"start":{"line":27,"column":0},"end":{"line":27,"column":38}},"27":{"start":{"line":28,"column":0},"end":{"line":28,"column":40}},"28":{"start":{"line":29,"column":0},"end":{"line":29,"column":46}},"29":{"start":{"line":30,"column":0},"end":{"line":30,"column":50}},"30":{"start":{"line":31,"column":0},"end":{"line":31,"column":54}},"31":{"start":{"line":32,"column":0},"end":{"line":32,"column":40}},"32":{"start":{"line":33,"column":0},"end":{"line":33,"column":52}},"33":{"start":{"line":34,"column":0},"end":{"line":34,"column":30}},"35":{"start":{"line":36,"column":0},"end":{"line":36,"column":20}},"36":{"start":{"line":37,"column":0},"end":{"line":37,"column":50}},"37":{"start":{"line":38,"column":0},"end":{"line":38,"column":20}},"38":{"start":{"line":39,"column":0},"end":{"line":39,"column":27}},"39":{"start":{"line":40,"column":0},"end":{"line":40,"column":18}},"40":{"start":{"line":41,"column":0},"end":{"line":41,"column":76}},"41":{"start":{"line":42,"column":0},"end":{"line":42,"column":24}},"42":{"start":{"line":43,"column":0},"end":{"line":43,"column":22}},"44":{"start":{"line":45,"column":0},"end":{"line":45,"column":3}}},"s":{"0":1,"3":1,"18":5,"20":5,"21":5,"22":5,"23":5,"24":5,"25":5,"26":5,"27":5,"28":5,"29":5,"30":5,"31":5,"32":5,"33":5,"35":5,"36":5,"37":1,"38":4,"39":0,"40":4,"41":1,"42":3,"44":5},"branchMap":{"0":{"type":"branch","line":4,"loc":{"start":{"line":4,"column":32},"end":{"line":45,"column":3}},"locations":[{"start":{"line":4,"column":32},"end":{"line":45,"column":3}}]},"1":{"type":"branch","line":22,"loc":{"start":{"line":22,"column":18},"end":{"line":22,"column":34}},"locations":[{"start":{"line":22,"column":18},"end":{"line":22,"column":34}}]},"2":{"type":"branch","line":23,"loc":{"start":{"line":23,"column":14},"end":{"line":23,"column":26}},"locations":[{"start":{"line":23,"column":14},"end":{"line":23,"column":26}}]},"3":{"type":"branch","line":29,"loc":{"start":{"line":29,"column":23},"end":{"line":29,"column":46}},"locations":[{"start":{"line":29,"column":23},"end":{"line":29,"column":46}}]},"4":{"type":"branch","line":30,"loc":{"start":{"line":30,"column":25},"end":{"line":30,"column":50}},"locations":[{"start":{"line":30,"column":25},"end":{"line":30,"column":50}}]},"5":{"type":"branch","line":31,"loc":{"start":{"line":31,"column":28},"end":{"line":31,"column":54}},"locations":[{"start":{"line":31,"column":28},"end":{"line":31,"column":54}}]},"6":{"type":"branch","line":32,"loc":{"start":{"line":32,"column":20},"end":{"line":32,"column":40}},"locations":[{"start":{"line":32,"column":20},"end":{"line":32,"column":40}}]},"7":{"type":"branch","line":34,"loc":{"start":{"line":34,"column":15},"end":{"line":34,"column":30}},"locations":[{"start":{"line":34,"column":15},"end":{"line":34,"column":30}}]},"8":{"type":"branch","line":37,"loc":{"start":{"line":37,"column":10},"end":{"line":37,"column":50}},"locations":[{"start":{"line":37,"column":10},"end":{"line":37,"column":50}}]},"9":{"type":"branch","line":37,"loc":{"start":{"line":37,"column":33},"end":{"line":38,"column":20}},"locations":[{"start":{"line":37,"column":33},"end":{"line":38,"column":20}}]},"10":{"type":"branch","line":38,"loc":{"start":{"line":38,"column":8},"end":{"line":43,"column":22}},"locations":[{"start":{"line":38,"column":8},"end":{"line":43,"column":22}}]},"11":{"type":"branch","line":39,"loc":{"start":{"line":39,"column":14},"end":{"line":40,"column":18}},"locations":[{"start":{"line":39,"column":14},"end":{"line":40,"column":18}}]},"12":{"type":"branch","line":41,"loc":{"start":{"line":41,"column":17},"end":{"line":41,"column":76}},"locations":[{"start":{"line":41,"column":17},"end":{"line":41,"column":76}}]},"13":{"type":"branch","line":41,"loc":{"start":{"line":41,"column":74},"end":{"line":42,"column":24}},"locations":[{"start":{"line":41,"column":74},"end":{"line":42,"column":24}}]},"14":{"type":"branch","line":42,"loc":{"start":{"line":42,"column":12},"end":{"line":43,"column":22}},"locations":[{"start":{"line":42,"column":12},"end":{"line":43,"column":22}}]}},"b":{"0":[5],"1":[0],"2":[0],"3":[4],"4":[4],"5":[4],"6":[4],"7":[4],"8":[1],"9":[1],"10":[4],"11":[0],"12":[1],"13":[1],"14":[3]},"fnMap":{"0":{"name":"toBackendPayload","decl":{"start":{"line":4,"column":32},"end":{"line":45,"column":3}},"loc":{"start":{"line":4,"column":32},"end":{"line":45,"column":3}},"line":4}},"f":{"0":5}}
,"/Users/hayrikayar/Desktop/RaporlamaProject6/frontend/src/utils/toast.ts": {"path":"/Users/hayrikayar/Desktop/RaporlamaProject6/frontend/src/utils/toast.ts","all":false,"statementMap":{"0":{"start":{"line":1,"column":0},"end":{"line":1,"column":42}},"3":{"start":{"line":4,"column":0},"end":{"line":4,"column":70}},"4":{"start":{"line":5,"column":0},"end":{"line":5,"column":43}},"5":{"start":{"line":6,"column":0},"end":{"line":6,"column":2}},"7":{"start":{"line":8,"column":0},"end":{"line":8,"column":68}},"8":{"start":{"line":9,"column":0},"end":{"line":9,"column":41}},"9":{"start":{"line":10,"column":0},"end":{"line":10,"column":2}},"11":{"start":{"line":12,"column":0},"end":{"line":12,"column":70}},"12":{"start":{"line":13,"column":0},"end":{"line":13,"column":43}},"13":{"start":{"line":14,"column":0},"end":{"line":14,"column":2}},"15":{"start":{"line":16,"column":0},"end":{"line":16,"column":67}},"16":{"start":{"line":17,"column":0},"end":{"line":17,"column":40}},"17":{"start":{"line":18,"column":0},"end":{"line":18,"column":2}},"20":{"start":{"line":21,"column":0},"end":{"line":21,"column":56}},"21":{"start":{"line":22,"column":0},"end":{"line":22,"column":24}},"22":{"start":{"line":23,"column":0},"end":{"line":23,"column":22}},"23":{"start":{"line":24,"column":0},"end":{"line":24,"column":53}},"24":{"start":{"line":25,"column":0},"end":{"line":25,"column":5}},"25":{"start":{"line":26,"column":0},"end":{"line":26,"column":2}},"27":{"start":{"line":28,"column":0},"end":{"line":28,"column":70}},"28":{"start":{"line":29,"column":0},"end":{"line":29,"column":22}},"29":{"start":{"line":30,"column":0},"end":{"line":30,"column":18}},"30":{"start":{"line":31,"column":0},"end":{"line":31,"column":67}},"31":{"start":{"line":32,"column":0},"end":{"line":32,"column":5}},"32":{"start":{"line":33,"column":0},"end":{"line":33,"column":2}},"35":{"start":{"line":36,"column":0},"end":{"line":36,"column":103}},"36":{"start":{"line":37,"column":0},"end":{"line":37,"column":22}},"37":{"start":{"line":38,"column":0},"end":{"line":38,"column":30}},"38":{"start":{"line":39,"column":0},"end":{"line":39,"column":11}},"39":{"start":{"line":40,"column":0},"end":{"line":40,"column":5}},"40":{"start":{"line":41,"column":0},"end":{"line":41,"column":2}},"43":{"start":{"line":44,"column":0},"end":{"line":44,"column":44}},"44":{"start":{"line":45,"column":0},"end":{"line":45,"column":22}},"45":{"start":{"line":46,"column":0},"end":{"line":46,"column":29}},"46":{"start":{"line":47,"column":0},"end":{"line":47,"column":68}},"47":{"start":{"line":48,"column":0},"end":{"line":48,"column":5}},"48":{"start":{"line":49,"column":0},"end":{"line":49,"column":2}},"51":{"start":{"line":52,"column":0},"end":{"line":52,"column":47}},"52":{"start":{"line":53,"column":0},"end":{"line":53,"column":22}},"53":{"start":{"line":54,"column":0},"end":{"line":54,"column":26}},"54":{"start":{"line":55,"column":0},"end":{"line":55,"column":66}},"55":{"start":{"line":56,"column":0},"end":{"line":56,"column":5}},"56":{"start":{"line":57,"column":0},"end":{"line":57,"column":2}},"59":{"start":{"line":60,"column":0},"end":{"line":60,"column":54}},"60":{"start":{"line":61,"column":0},"end":{"line":61,"column":21}},"61":{"start":{"line":62,"column":0},"end":{"line":62,"column":27}},"62":{"start":{"line":63,"column":0},"end":{"line":63,"column":12}},"63":{"start":{"line":64,"column":0},"end":{"line":64,"column":37}},"64":{"start":{"line":65,"column":0},"end":{"line":65,"column":5}},"65":{"start":{"line":66,"column":0},"end":{"line":66,"column":2}},"67":{"start":{"line":68,"column":0},"end":{"line":68,"column":86}},"68":{"start":{"line":69,"column":0},"end":{"line":69,"column":24}},"69":{"start":{"line":70,"column":0},"end":{"line":70,"column":16}},"70":{"start":{"line":71,"column":0},"end":{"line":71,"column":26}},"71":{"start":{"line":72,"column":0},"end":{"line":72,"column":26}},"72":{"start":{"line":73,"column":0},"end":{"line":73,"column":13}},"73":{"start":{"line":74,"column":0},"end":{"line":74,"column":7}},"74":{"start":{"line":75,"column":0},"end":{"line":75,"column":10}},"75":{"start":{"line":76,"column":0},"end":{"line":76,"column":24}},"76":{"start":{"line":77,"column":0},"end":{"line":77,"column":20}},"77":{"start":{"line":78,"column":0},"end":{"line":78,"column":13}},"78":{"start":{"line":79,"column":0},"end":{"line":79,"column":7}},"79":{"start":{"line":80,"column":0},"end":{"line":80,"column":3}},"80":{"start":{"line":81,"column":0},"end":{"line":81,"column":2}}},"s":{"0":1,"3":1,"4":2,"5":2,"7":1,"8":2,"9":2,"11":1,"12":2,"13":2,"15":1,"16":2,"17":2,"20":1,"21":1,"22":1,"23":1,"24":1,"25":1,"27":1,"28":2,"29":2,"30":2,"31":2,"32":2,"35":1,"36":2,"37":2,"38":2,"39":2,"40":2,"43":1,"44":1,"45":1,"46":1,"47":1,"48":1,"51":1,"52":1,"53":1,"54":1,"55":1,"56":1,"59":1,"60":1,"61":1,"62":1,"63":1,"64":1,"65":1,"67":1,"68":2,"69":2,"70":1,"71":1,"72":1,"73":1,"74":1,"75":1,"76":1,"77":1,"78":1,"79":1,"80":2},"branchMap":{"0":{"type":"branch","line":4,"loc":{"start":{"line":4,"column":32},"end":{"line":6,"column":2}},"locations":[{"start":{"line":4,"column":32},"end":{"line":6,"column":2}}]},"1":{"type":"branch","line":8,"loc":{"start":{"line":8,"column":30},"end":{"line":10,"column":2}},"locations":[{"start":{"line":8,"column":30},"end":{"line":10,"column":2}}]},"2":{"type":"branch","line":12,"loc":{"start":{"line":12,"column":32},"end":{"line":14,"column":2}},"locations":[{"start":{"line":12,"column":32},"end":{"line":14,"column":2}}]},"3":{"type":"branch","line":16,"loc":{"start":{"line":16,"column":29},"end":{"line":18,"column":2}},"locations":[{"start":{"line":16,"column":29},"end":{"line":18,"column":2}}]},"4":{"type":"branch","line":21,"loc":{"start":{"line":21,"column":35},"end":{"line":26,"column":2}},"locations":[{"start":{"line":21,"column":35},"end":{"line":26,"column":2}}]},"5":{"type":"branch","line":28,"loc":{"start":{"line":28,"column":33},"end":{"line":33,"column":2}},"locations":[{"start":{"line":28,"column":33},"end":{"line":33,"column":2}}]},"6":{"type":"branch","line":31,"loc":{"start":{"line":31,"column":13},"end":{"line":31,"column":67}},"locations":[{"start":{"line":31,"column":13},"end":{"line":31,"column":67}}]},"7":{"type":"branch","line":36,"loc":{"start":{"line":36,"column":40},"end":{"line":41,"column":2}},"locations":[{"start":{"line":36,"column":40},"end":{"line":41,"column":2}}]},"8":{"type":"branch","line":44,"loc":{"start":{"line":44,"column":37},"end":{"line":49,"column":2}},"locations":[{"start":{"line":44,"column":37},"end":{"line":49,"column":2}}]},"9":{"type":"branch","line":52,"loc":{"start":{"line":52,"column":40},"end":{"line":57,"column":2}},"locations":[{"start":{"line":52,"column":40},"end":{"line":57,"column":2}}]},"10":{"type":"branch","line":60,"loc":{"start":{"line":60,"column":32},"end":{"line":66,"column":2}},"locations":[{"start":{"line":60,"column":32},"end":{"line":66,"column":2}}]},"11":{"type":"branch","line":68,"loc":{"start":{"line":68,"column":34},"end":{"line":81,"column":2}},"locations":[{"start":{"line":68,"column":34},"end":{"line":81,"column":2}}]},"12":{"type":"branch","line":70,"loc":{"start":{"line":70,"column":15},"end":{"line":80,"column":3}},"locations":[{"start":{"line":70,"column":15},"end":{"line":80,"column":3}}]}},"b":{"0":[2],"1":[2],"2":[2],"3":[2],"4":[1],"5":[2],"6":[1],"7":[2],"8":[1],"9":[1],"10":[1],"11":[2],"12":[1]},"fnMap":{"0":{"name":"showSuccessToast","decl":{"start":{"line":4,"column":32},"end":{"line":6,"column":2}},"loc":{"start":{"line":4,"column":32},"end":{"line":6,"column":2}},"line":4},"1":{"name":"showErrorToast","decl":{"start":{"line":8,"column":30},"end":{"line":10,"column":2}},"loc":{"start":{"line":8,"column":30},"end":{"line":10,"column":2}},"line":8},"2":{"name":"showWarningToast","decl":{"start":{"line":12,"column":32},"end":{"line":14,"column":2}},"loc":{"start":{"line":12,"column":32},"end":{"line":14,"column":2}},"line":12},"3":{"name":"showInfoToast","decl":{"start":{"line":16,"column":29},"end":{"line":18,"column":2}},"loc":{"start":{"line":16,"column":29},"end":{"line":18,"column":2}},"line":16},"4":{"name":"showApiSuccessToast","decl":{"start":{"line":21,"column":35},"end":{"line":26,"column":2}},"loc":{"start":{"line":21,"column":35},"end":{"line":26,"column":2}},"line":21},"5":{"name":"showApiErrorToast","decl":{"start":{"line":28,"column":33},"end":{"line":33,"column":2}},"loc":{"start":{"line":28,"column":33},"end":{"line":33,"column":2}},"line":28},"6":{"name":"showValidationErrorToast","decl":{"start":{"line":36,"column":40},"end":{"line":41,"column":2}},"loc":{"start":{"line":36,"column":40},"end":{"line":41,"column":2}},"line":36},"7":{"name":"showNetworkErrorToast","decl":{"start":{"line":44,"column":37},"end":{"line":49,"column":2}},"loc":{"start":{"line":44,"column":37},"end":{"line":49,"column":2}},"line":44},"8":{"name":"showPermissionErrorToast","decl":{"start":{"line":52,"column":40},"end":{"line":57,"column":2}},"loc":{"start":{"line":52,"column":40},"end":{"line":57,"column":2}},"line":52},"9":{"name":"showLoadingToast","decl":{"start":{"line":60,"column":32},"end":{"line":66,"column":2}},"loc":{"start":{"line":60,"column":32},"end":{"line":66,"column":2}},"line":60},"10":{"name":"updateLoadingToast","decl":{"start":{"line":68,"column":34},"end":{"line":81,"column":2}},"loc":{"start":{"line":68,"column":34},"end":{"line":81,"column":2}},"line":68}},"f":{"0":2,"1":2,"2":2,"3":2,"4":1,"5":2,"6":2,"7":1,"8":1,"9":1,"10":2}}
}
