TN:
SF:.astro/content-assets.mjs
FN:1,(empty-report)
FNF:1
FNH:0
FNDA:0,(empty-report)
DA:1,0
LF:1
LH:0
BRDA:1,0,0,0
BRF:1
BRH:0
end_of_record
TN:
SF:.astro/content-modules.mjs
FN:1,(empty-report)
FNF:1
FNH:0
FNDA:0,(empty-report)
DA:1,0
LF:1
LH:0
BRDA:1,0,0,0
BRF:1
BRH:0
end_of_record
TN:
SF:.vercel/output/static/_astro/AdminPageIsland.iYV4BctR.js
FN:1,(empty-report)
FNF:1
FNH:0
FNDA:0,(empty-report)
DA:1,0
LF:1
LH:0
BRDA:1,0,0,0
BRF:1
BRH:0
end_of_record
TN:
SF:.vercel/output/static/_astro/AdminReportsIsland.DUKI4A4y.js
FN:1,(empty-report)
FNF:1
FNH:0
FNDA:0,(empty-report)
DA:1,0
LF:1
LH:0
BRDA:1,0,0,0
BRF:1
BRH:0
end_of_record
TN:
SF:.vercel/output/static/_astro/AuthGuard.BcI6ZWc3.js
FN:1,(empty-report)
FNF:1
FNH:0
FNDA:0,(empty-report)
DA:1,0
LF:1
LH:0
BRDA:1,0,0,0
BRF:1
BRH:0
end_of_record
TN:
SF:.vercel/output/static/_astro/BrandKpiListIsland.BqdneBFL.js
FN:1,(empty-report)
FNF:1
FNH:0
FNDA:0,(empty-report)
DA:1,0
LF:1
LH:0
BRDA:1,0,0,0
BRF:1
BRH:0
end_of_record
TN:
SF:.vercel/output/static/_astro/BrandManagement.BvatGq-c.js
FN:1,(empty-report)
FNF:1
FNH:0
FNDA:0,(empty-report)
DA:1,0
LF:1
LH:0
BRDA:1,0,0,0
BRF:1
BRH:0
end_of_record
TN:
SF:.vercel/output/static/_astro/ClientErrorReporter.D6qfGYNI.js
FN:1,(empty-report)
FNF:1
FNH:0
FNDA:0,(empty-report)
DA:1,0
LF:1
LH:0
BRDA:1,0,0,0
BRF:1
BRH:0
end_of_record
TN:
SF:.vercel/output/static/_astro/DailyDataEntryIsland.55UEHSRK.js
FN:1,(empty-report)
FNF:1
FNH:0
FNDA:0,(empty-report)
DA:1,0
LF:1
LH:0
BRDA:1,0,0,0
BRF:1
BRH:0
end_of_record
TN:
SF:.vercel/output/static/_astro/DailyKpiOverviewIsland.Bvhlg4zn.js
FN:1,(empty-report)
FNF:1
FNH:0
FNDA:0,(empty-report)
DA:1,0
LF:1
LH:0
BRDA:1,0,0,0
BRF:1
BRH:0
end_of_record
TN:
SF:.vercel/output/static/_astro/DashboardShell.YKVhZx87.js
FN:1,(empty-report)
FNF:1
FNH:0
FNDA:0,(empty-report)
DA:1,0
LF:1
LH:0
BRDA:1,0,0,0
BRF:1
BRH:0
end_of_record
TN:
SF:.vercel/output/static/_astro/DataEntryIsland.DvFTI8rV.js
FN:1,(empty-report)
FNF:1
FNH:0
FNDA:0,(empty-report)
DA:1,0
LF:1
LH:0
BRDA:1,0,0,0
BRF:1
BRH:0
end_of_record
TN:
SF:.vercel/output/static/_astro/DevDiagnosticsPanel.gRFkVE12.js
FN:1,(empty-report)
FNF:1
FNH:0
FNDA:0,(empty-report)
DA:1,0
LF:1
LH:0
BRDA:1,0,0,0
BRF:1
BRH:0
end_of_record
TN:
SF:.vercel/output/static/_astro/ErrorAlert.Dw1sp7rV.js
FN:1,(empty-report)
FNF:1
FNH:0
FNDA:0,(empty-report)
DA:1,0
LF:1
LH:0
BRDA:1,0,0,0
BRF:1
BRH:0
end_of_record
TN:
SF:.vercel/output/static/_astro/ErrorBoundary.BPyN8IDu.js
FN:1,(empty-report)
FNF:1
FNH:0
FNDA:0,(empty-report)
DA:1,0
LF:1
LH:0
BRDA:1,0,0,0
BRF:1
BRH:0
end_of_record
TN:
SF:.vercel/output/static/_astro/GlobalToastContainer.DT6fqkDo.js
FN:1,(empty-report)
FNF:1
FNH:0
FNDA:0,(empty-report)
DA:1,0
LF:1
LH:0
BRDA:1,0,0,0
BRF:1
BRH:0
end_of_record
TN:
SF:.vercel/output/static/_astro/KpiAddFormIsland.CkHNahoo.js
FN:1,(empty-report)
FNF:1
FNH:0
FNDA:0,(empty-report)
DA:1,0
LF:1
LH:0
BRDA:1,0,0,0
BRF:1
BRH:0
end_of_record
TN:
SF:.vercel/output/static/_astro/KpiManagement.Dx2Lejap.js
FN:1,(empty-report)
FNF:1
FNH:0
FNDA:0,(empty-report)
DA:1,0
DA:2,0
LF:2
LH:0
BRDA:1,0,0,0
BRF:1
BRH:0
end_of_record
TN:
SF:.vercel/output/static/_astro/MobileDailyKpiDashboard.Da9iupdm.js
FN:1,(empty-report)
FNF:1
FNH:0
FNDA:0,(empty-report)
DA:1,0
LF:1
LH:0
BRDA:1,0,0,0
BRF:1
BRH:0
end_of_record
TN:
SF:.vercel/output/static/_astro/MobileDashboard.BAIVhb9v.js
FN:1,(empty-report)
FNF:1
FNH:0
FNDA:0,(empty-report)
DA:1,0
LF:1
LH:0
BRDA:1,0,0,0
BRF:1
BRH:0
end_of_record
TN:
SF:.vercel/output/static/_astro/MobileMonthlyKpiDashboard.DklyDOd7.js
FN:1,(empty-report)
FNF:1
FNH:0
FNDA:0,(empty-report)
DA:1,0
LF:1
LH:0
BRDA:1,0,0,0
BRF:1
BRH:0
end_of_record
TN:
SF:.vercel/output/static/_astro/MobileRedirect.B-Clukrx.js
FN:1,(empty-report)
FNF:1
FNH:0
FNDA:0,(empty-report)
DA:1,0
LF:1
LH:0
BRDA:1,0,0,0
BRF:1
BRH:0
end_of_record
TN:
SF:.vercel/output/static/_astro/MobileRedirectToDailyKpi.BQHUrfnI.js
FN:1,(empty-report)
FNF:1
FNH:0
FNDA:0,(empty-report)
DA:1,0
LF:1
LH:0
BRDA:1,0,0,0
BRF:1
BRH:0
end_of_record
TN:
SF:.vercel/output/static/_astro/ModernLoginPage.BTDSyala.js
FN:1,(empty-report)
FNF:1
FNH:0
FNDA:0,(empty-report)
DA:1,0
LF:1
LH:0
BRDA:1,0,0,0
BRF:1
BRH:0
end_of_record
TN:
SF:.vercel/output/static/_astro/MonthlyKpiOverviewIsland.e5pVUh2S.js
FN:1,(empty-report)
FNF:1
FNH:0
FNDA:0,(empty-report)
DA:1,0
LF:1
LH:0
BRDA:1,0,0,0
BRF:1
BRH:0
end_of_record
TN:
SF:.vercel/output/static/_astro/PageHeader.CR_-lmpw.js
FN:1,(empty-report)
FNF:1
FNH:0
FNDA:0,(empty-report)
DA:1,0
LF:1
LH:0
BRDA:1,0,0,0
BRF:1
BRH:0
end_of_record
TN:
SF:.vercel/output/static/_astro/QueryProvider.Bp8q4wGX.js
FN:1,(empty-report)
FNF:1
FNH:0
FNDA:0,(empty-report)
DA:1,0
LF:1
LH:0
BRDA:1,0,0,0
BRF:1
BRH:0
end_of_record
TN:
SF:.vercel/output/static/_astro/ResetPassword.JVhh19yz.js
FN:1,(empty-report)
FNF:1
FNH:0
FNDA:0,(empty-report)
DA:1,0
LF:1
LH:0
BRDA:1,0,0,0
BRF:1
BRH:0
end_of_record
TN:
SF:.vercel/output/static/_astro/RoleManagement.C00S3bc0.js
FN:1,(empty-report)
FNF:1
FNH:0
FNDA:0,(empty-report)
DA:1,0
LF:1
LH:0
BRDA:1,0,0,0
BRF:1
BRH:0
end_of_record
TN:
SF:.vercel/output/static/_astro/RouteGuard.DPfEBac4.js
FN:1,(empty-report)
FNF:1
FNH:0
FNDA:0,(empty-report)
DA:1,0
LF:1
LH:0
BRDA:1,0,0,0
BRF:1
BRH:0
end_of_record
TN:
SF:.vercel/output/static/_astro/SalesDashboardIsland.BmWRalYk.js
FN:1,(empty-report)
FNF:1
FNH:0
FNDA:0,(empty-report)
DA:1,0
DA:2,0
DA:3,0
DA:4,0
DA:5,0
DA:6,0
DA:7,0
DA:8,0
DA:9,0
DA:10,0
DA:11,0
DA:12,0
DA:13,0
DA:14,0
DA:15,0
DA:16,0
DA:17,0
DA:18,0
DA:19,0
LF:19
LH:0
BRDA:1,0,0,0
BRF:1
BRH:0
end_of_record
TN:
SF:.vercel/output/static/_astro/ServiceDashboardIsland.BviXRIM1.js
FN:1,(empty-report)
FNF:1
FNH:0
FNDA:0,(empty-report)
DA:1,0
LF:1
LH:0
BRDA:1,0,0,0
BRF:1
BRH:0
end_of_record
TN:
SF:.vercel/output/static/_astro/ServiceDataEntryIsland.jy5MHGN2.js
FN:1,(empty-report)
FNF:1
FNH:0
FNDA:0,(empty-report)
DA:1,0
LF:1
LH:0
BRDA:1,0,0,0
BRF:1
BRH:0
end_of_record
TN:
SF:.vercel/output/static/_astro/Sidebar.CadqxJJu.js
FN:1,(empty-report)
FNF:1
FNH:0
FNDA:0,(empty-report)
DA:1,0
LF:1
LH:0
BRDA:1,0,0,0
BRF:1
BRH:0
end_of_record
TN:
SF:.vercel/output/static/_astro/SkeletonLoader.CCrRgX73.js
FN:1,(empty-report)
FNF:1
FNH:0
FNDA:0,(empty-report)
DA:1,0
LF:1
LH:0
BRDA:1,0,0,0
BRF:1
BRH:0
end_of_record
TN:
SF:.vercel/output/static/_astro/UserManagement.Bjz9-WuF.js
FN:1,(empty-report)
FNF:1
FNH:0
FNDA:0,(empty-report)
DA:1,0
LF:1
LH:0
BRDA:1,0,0,0
BRF:1
BRH:0
end_of_record
TN:
SF:.vercel/output/static/_astro/UserPageIsland.DINuvH5I.js
FN:1,(empty-report)
FNF:1
FNH:0
FNDA:0,(empty-report)
DA:1,0
LF:1
LH:0
BRDA:1,0,0,0
BRF:1
BRH:0
end_of_record
TN:
SF:.vercel/output/static/_astro/UserReportsIsland.3QcNJ_Sg.js
FN:1,(empty-report)
FNF:1
FNH:0
FNDA:0,(empty-report)
DA:1,0
LF:1
LH:0
BRDA:1,0,0,0
BRF:1
BRH:0
end_of_record
TN:
SF:.vercel/output/static/_astro/accessControl.2hN3qwt_.js
FN:1,(empty-report)
FNF:1
FNH:0
FNDA:0,(empty-report)
DA:1,0
LF:1
LH:0
BRDA:1,0,0,0
BRF:1
BRH:0
end_of_record
TN:
SF:.vercel/output/static/_astro/api.DK7Ym3GI.js
FN:1,(empty-report)
FNF:1
FNH:0
FNDA:0,(empty-report)
DA:1,0
LF:1
LH:0
BRDA:1,0,0,0
BRF:1
BRH:0
end_of_record
TN:
SF:.vercel/output/static/_astro/authHelpers.DUa1NbN5.js
FN:1,(empty-report)
FNF:1
FNH:0
FNDA:0,(empty-report)
DA:1,0
LF:1
LH:0
BRDA:1,0,0,0
BRF:1
BRH:0
end_of_record
TN:
SF:.vercel/output/static/_astro/axiosClient.BJOe1bYy.js
FN:1,(empty-report)
FNF:1
FNH:0
FNDA:0,(empty-report)
DA:1,0
DA:2,0
LF:2
LH:0
BRDA:1,0,0,0
BRF:1
BRH:0
end_of_record
TN:
SF:.vercel/output/static/_astro/badge.DyIOpYJE.js
FN:1,(empty-report)
FNF:1
FNH:0
FNDA:0,(empty-report)
DA:1,0
LF:1
LH:0
BRDA:1,0,0,0
BRF:1
BRH:0
end_of_record
TN:
SF:.vercel/output/static/_astro/button.vw7aQStw.js
FN:1,(empty-report)
FNF:1
FNH:0
FNDA:0,(empty-report)
DA:1,0
LF:1
LH:0
BRDA:1,0,0,0
BRF:1
BRH:0
end_of_record
TN:
SF:.vercel/output/static/_astro/card.DlyoanCW.js
FN:1,(empty-report)
FNF:1
FNH:0
FNDA:0,(empty-report)
DA:1,0
LF:1
LH:0
BRDA:1,0,0,0
BRF:1
BRH:0
end_of_record
TN:
SF:.vercel/output/static/_astro/client.C0pTZuyX.js
FN:1,(empty-report)
FNF:1
FNH:0
FNDA:0,(empty-report)
DA:1,0
DA:2,0
DA:3,0
DA:4,0
DA:5,0
DA:6,0
DA:7,0
DA:8,0
DA:9,0
DA:10,0
LF:10
LH:0
BRDA:1,0,0,0
BRF:1
BRH:0
end_of_record
TN:
SF:.vercel/output/static/_astro/clsx.BeLtu-UY.js
FN:1,(empty-report)
FNF:1
FNH:0
FNDA:0,(empty-report)
DA:1,0
LF:1
LH:0
BRDA:1,0,0,0
BRF:1
BRH:0
end_of_record
TN:
SF:.vercel/output/static/_astro/deviceDetection.DJmsfYZn.js
FN:1,(empty-report)
FNF:1
FNH:0
FNDA:0,(empty-report)
DA:1,0
LF:1
LH:0
BRDA:1,0,0,0
BRF:1
BRH:0
end_of_record
TN:
SF:.vercel/output/static/_astro/empty-state.CP-tlSP4.js
FN:1,(empty-report)
FNF:1
FNH:0
FNDA:0,(empty-report)
DA:1,0
LF:1
LH:0
BRDA:1,0,0,0
BRF:1
BRH:0
end_of_record
TN:
SF:.vercel/output/static/_astro/icons.D9DtxxrJ.js
FN:1,(empty-report)
FNF:1
FNH:0
FNDA:0,(empty-report)
DA:1,0
LF:1
LH:0
BRDA:1,0,0,0
BRF:1
BRH:0
end_of_record
TN:
SF:.vercel/output/static/_astro/index.CUEaG1va.js
FN:1,(empty-report)
FNF:1
FNH:0
FNDA:0,(empty-report)
DA:1,0
LF:1
LH:0
BRDA:1,0,0,0
BRF:1
BRH:0
end_of_record
TN:
SF:.vercel/output/static/_astro/index.CwMIeXs0.js
FN:1,(empty-report)
FNF:1
FNH:0
FNDA:0,(empty-report)
DA:1,0
LF:1
LH:0
BRDA:1,0,0,0
BRF:1
BRH:0
end_of_record
TN:
SF:.vercel/output/static/_astro/index.LB1DTQ1l.js
FN:1,(empty-report)
FNF:1
FNH:0
FNDA:0,(empty-report)
DA:1,0
LF:1
LH:0
BRDA:1,0,0,0
BRF:1
BRH:0
end_of_record
TN:
SF:.vercel/output/static/_astro/input.1g6vRfRg.js
FN:1,(empty-report)
FNF:1
FNH:0
FNDA:0,(empty-report)
DA:1,0
LF:1
LH:0
BRDA:1,0,0,0
BRF:1
BRH:0
end_of_record
TN:
SF:.vercel/output/static/_astro/jsx-runtime.CnDyYxjH.js
FN:1,(empty-report)
FNF:1
FNH:0
FNDA:0,(empty-report)
DA:1,0
LF:1
LH:0
BRDA:1,0,0,0
BRF:1
BRH:0
end_of_record
TN:
SF:.vercel/output/static/_astro/modal.DLcZm0LT.js
FN:1,(empty-report)
FNF:1
FNH:0
FNDA:0,(empty-report)
DA:1,0
LF:1
LH:0
BRDA:1,0,0,0
BRF:1
BRH:0
end_of_record
TN:
SF:.vercel/output/static/_astro/react-virtualized-auto-sizer.esm.B33K7HGe.js
FN:1,(empty-report)
FNF:1
FNH:0
FNDA:0,(empty-report)
DA:1,0
LF:1
LH:0
BRDA:1,0,0,0
BRF:1
BRH:0
end_of_record
TN:
SF:.vercel/output/static/_astro/react-window.ZgLreGvZ.js
FN:1,(empty-report)
FNF:1
FNH:0
FNDA:0,(empty-report)
DA:1,0
LF:1
LH:0
BRDA:1,0,0,0
BRF:1
BRH:0
end_of_record
TN:
SF:.vercel/output/static/_astro/roles.BsnXqofx.js
FN:1,(empty-report)
FNF:1
FNH:0
FNDA:0,(empty-report)
DA:1,0
LF:1
LH:0
BRDA:1,0,0,0
BRF:1
BRH:0
end_of_record
TN:
SF:.vercel/output/static/_astro/sortable.esm.B-Y0gI-F.js
FN:1,(empty-report)
FNF:1
FNH:0
FNDA:0,(empty-report)
DA:1,0
LF:1
LH:0
BRDA:1,0,0,0
BRF:1
BRH:0
end_of_record
TN:
SF:.vercel/output/static/_astro/table.Dp2FAInk.js
FN:1,(empty-report)
FNF:1
FNH:0
FNDA:0,(empty-report)
DA:1,0
LF:1
LH:0
BRDA:1,0,0,0
BRF:1
BRH:0
end_of_record
TN:
SF:.vercel/output/static/_astro/useToast.BTghG0xz.js
FN:1,(empty-report)
FNF:1
FNH:0
FNDA:0,(empty-report)
DA:1,0
LF:1
LH:0
BRDA:1,0,0,0
BRF:1
BRH:0
end_of_record
TN:
SF:src/lib/accessControl.ts
FN:1,(empty-report)
FNF:1
FNH:0
FNDA:0,(empty-report)
DA:1,0
DA:14,0
DA:15,0
DA:17,0
DA:18,0
DA:19,0
DA:21,0
DA:22,0
DA:23,0
DA:24,0
DA:25,0
DA:26,0
DA:27,0
DA:28,0
DA:31,0
DA:32,0
DA:33,0
DA:35,0
DA:36,0
DA:37,0
DA:39,0
DA:40,0
DA:41,0
DA:42,0
DA:43,0
DA:44,0
DA:45,0
DA:46,0
DA:47,0
DA:48,0
DA:50,0
DA:51,0
DA:52,0
DA:57,0
DA:59,0
DA:62,0
DA:63,0
DA:68,0
DA:69,0
DA:70,0
DA:71,0
DA:72,0
DA:73,0
DA:74,0
DA:75,0
DA:77,0
DA:78,0
DA:81,0
DA:82,0
DA:83,0
DA:84,0
DA:86,0
DA:87,0
DA:88,0
DA:89,0
DA:90,0
DA:91,0
DA:92,0
DA:93,0
DA:94,0
DA:96,0
DA:97,0
DA:98,0
DA:100,0
DA:101,0
DA:102,0
DA:103,0
DA:104,0
DA:105,0
DA:106,0
DA:107,0
DA:108,0
DA:110,0
DA:111,0
DA:114,0
DA:115,0
DA:116,0
DA:117,0
DA:118,0
DA:119,0
DA:120,0
DA:121,0
DA:122,0
DA:123,0
DA:124,0
DA:125,0
DA:126,0
DA:127,0
DA:129,0
DA:130,0
DA:131,0
DA:133,0
DA:134,0
DA:135,0
DA:138,0
DA:139,0
DA:140,0
DA:141,0
DA:142,0
DA:143,0
DA:145,0
DA:146,0
DA:148,0
DA:149,0
DA:150,0
DA:151,0
DA:154,0
DA:155,0
DA:156,0
DA:157,0
DA:158,0
DA:159,0
DA:160,0
DA:162,0
DA:163,0
DA:164,0
DA:165,0
DA:166,0
DA:167,0
DA:168,0
DA:169,0
DA:171,0
DA:172,0
DA:175,0
DA:176,0
DA:177,0
DA:178,0
DA:179,0
DA:180,0
DA:182,0
DA:183,0
DA:184,0
DA:185,0
DA:186,0
DA:187,0
DA:188,0
DA:189,0
DA:191,0
DA:192,0
DA:193,0
DA:194,0
DA:195,0
DA:196,0
DA:197,0
DA:198,0
DA:199,0
DA:203,0
DA:204,0
DA:205,0
DA:206,0
DA:207,0
DA:208,0
DA:209,0
DA:210,0
DA:211,0
DA:212,0
DA:214,0
DA:215,0
DA:216,0
DA:217,0
DA:218,0
DA:219,0
DA:221,0
DA:222,0
DA:223,0
DA:224,0
DA:225,0
DA:226,0
DA:228,0
DA:229,0
DA:230,0
DA:231,0
DA:232,0
DA:233,0
DA:234,0
DA:235,0
DA:236,0
DA:237,0
DA:238,0
DA:239,0
DA:240,0
DA:243,0
DA:244,0
DA:245,0
DA:246,0
DA:247,0
DA:248,0
DA:249,0
DA:250,0
DA:253,0
DA:254,0
DA:256,0
DA:257,0
DA:258,0
DA:259,0
DA:261,0
DA:264,0
DA:265,0
DA:268,0
DA:269,0
DA:270,0
DA:271,0
DA:273,0
DA:274,0
DA:275,0
DA:277,0
DA:278,0
DA:279,0
DA:282,0
DA:283,0
DA:284,0
DA:285,0
DA:286,0
DA:287,0
DA:288,0
DA:289,0
DA:290,0
DA:291,0
DA:292,0
DA:293,0
DA:294,0
DA:295,0
LF:222
LH:0
BRDA:1,0,0,0
BRF:1
BRH:0
end_of_record
TN:
SF:src/lib/api.ts
FN:1,(empty-report)
FNF:1
FNH:0
FNDA:0,(empty-report)
DA:1,0
DA:23,0
DA:24,0
DA:25,0
DA:26,0
DA:29,0
DA:30,0
DA:31,0
DA:32,0
DA:35,0
DA:36,0
DA:37,0
DA:38,0
DA:41,0
DA:42,0
DA:43,0
LF:16
LH:0
BRDA:1,0,0,0
BRF:1
BRH:0
end_of_record
TN:
SF:src/lib/authHelpers.ts
FN:1,(empty-report)
FNF:1
FNH:0
FNDA:0,(empty-report)
DA:1,0
DA:5,0
DA:11,0
DA:12,0
DA:14,0
DA:15,0
DA:16,0
DA:17,0
DA:18,0
DA:21,0
DA:22,0
DA:24,0
DA:26,0
DA:27,0
DA:28,0
DA:29,0
DA:30,0
DA:31,0
DA:33,0
DA:34,0
DA:35,0
DA:36,0
DA:38,0
DA:39,0
DA:40,0
DA:41,0
DA:42,0
DA:44,0
DA:45,0
DA:46,0
DA:48,0
DA:49,0
DA:50,0
DA:51,0
DA:52,0
DA:53,0
DA:59,0
DA:60,0
DA:61,0
DA:62,0
DA:64,0
DA:69,0
DA:71,0
DA:72,0
DA:73,0
DA:75,0
DA:76,0
DA:77,0
DA:78,0
DA:79,0
DA:80,0
DA:81,0
DA:82,0
DA:83,0
DA:84,0
DA:85,0
DA:86,0
DA:87,0
DA:88,0
DA:89,0
DA:95,0
DA:97,0
DA:98,0
DA:99,0
DA:100,0
DA:101,0
DA:102,0
DA:104,0
DA:105,0
DA:106,0
DA:109,0
DA:110,0
DA:111,0
DA:112,0
DA:115,0
DA:116,0
DA:118,0
DA:119,0
LF:78
LH:0
BRDA:1,0,0,0
BRF:1
BRH:0
end_of_record
TN:
SF:src/lib/axiosClient.ts
FN:80,success
FN:81,error
FN:82,warning
FN:83,info
FN:84,clearToasts
FN:88,getToast
FN:102,shouldSuppressErrorToast
FNF:7
FNH:0
FNDA:0,success
FNDA:0,error
FNDA:0,warning
FNDA:0,info
FNDA:0,clearToasts
FNDA:0,getToast
FNDA:0,shouldSuppressErrorToast
DA:1,1
DA:13,1
DA:14,1
DA:15,1
DA:16,1
DA:18,1
DA:19,1
DA:20,1
DA:21,1
DA:24,1
DA:25,0
DA:26,0
DA:29,0
DA:30,0
DA:31,0
DA:32,0
DA:35,0
DA:36,0
DA:37,0
DA:38,0
DA:39,0
DA:40,0
DA:41,0
DA:42,0
DA:43,0
DA:45,0
DA:46,0
DA:47,0
DA:48,0
DA:49,0
DA:50,0
DA:51,0
DA:52,0
DA:53,0
DA:54,0
DA:55,0
DA:56,0
DA:57,0
DA:58,0
DA:59,0
DA:60,0
DA:61,0
DA:62,0
DA:63,0
DA:76,1
DA:79,1
DA:80,1
DA:81,1
DA:82,1
DA:83,1
DA:84,1
DA:85,1
DA:88,1
DA:89,0
DA:90,0
DA:91,0
DA:92,0
DA:93,0
DA:94,0
DA:95,0
DA:96,0
DA:97,0
DA:98,0
DA:99,0
DA:102,0
DA:104,0
DA:105,0
DA:106,0
DA:109,0
DA:110,0
DA:112,0
DA:113,0
DA:116,1
DA:117,1
DA:119,0
DA:121,0
DA:122,0
DA:123,0
DA:124,0
DA:127,0
DA:128,0
DA:129,0
DA:130,0
DA:131,0
DA:132,0
DA:133,0
DA:134,0
DA:136,0
DA:137,0
DA:138,0
DA:139,0
DA:140,0
DA:141,0
DA:142,0
DA:144,0
DA:145,0
DA:146,0
DA:147,0
DA:148,1
DA:150,0
DA:153,0
DA:155,0
DA:156,0
DA:157,0
DA:158,0
DA:159,0
DA:160,0
DA:161,0
DA:162,0
DA:164,0
DA:167,0
DA:168,0
DA:169,0
DA:170,0
DA:171,0
DA:172,0
DA:173,0
DA:174,0
DA:175,0
DA:176,0
DA:177,0
DA:178,0
DA:179,0
DA:180,0
DA:181,0
DA:183,0
DA:184,0
DA:185,0
DA:186,0
DA:187,0
DA:188,0
DA:189,0
DA:190,0
DA:191,0
DA:192,0
DA:193,0
DA:194,0
DA:195,0
DA:196,0
DA:197,0
DA:198,0
DA:199,0
DA:200,0
DA:201,0
DA:203,0
DA:204,0
DA:205,0
DA:208,0
DA:209,0
DA:211,0
DA:212,0
DA:213,0
DA:222,0
DA:223,0
DA:224,0
DA:225,0
DA:227,0
DA:228,0
DA:230,0
DA:231,0
DA:232,0
DA:233,0
DA:234,0
DA:235,0
DA:236,0
DA:237,0
DA:238,0
DA:239,0
DA:241,0
DA:242,0
DA:244,0
DA:245,0
DA:246,0
DA:247,0
DA:248,0
DA:249,0
DA:251,0
DA:252,0
DA:253,0
DA:254,0
DA:255,0
DA:256,0
DA:257,0
DA:258,0
DA:259,0
DA:260,0
DA:263,0
DA:264,0
DA:265,0
DA:266,0
DA:268,0
DA:269,0
DA:270,1
LF:193
LH:23
BRF:0
BRH:0
end_of_record
TN:
SF:src/lib/brandCategories.ts
FN:18,filterBrandsByCategory
FNF:1
FNH:0
FNDA:0,filterBrandsByCategory
DA:1,1
DA:3,1
DA:4,1
DA:6,1
DA:9,1
DA:11,1
DA:13,1
DA:14,1
DA:18,1
DA:19,0
DA:20,0
DA:22,0
DA:24,0
DA:25,0
DA:26,0
DA:27,0
DA:28,0
DA:29,0
DA:30,0
DA:31,0
DA:32,0
DA:33,0
DA:34,0
DA:35,0
DA:36,0
DA:37,0
DA:38,0
DA:39,0
DA:40,0
LF:29
LH:9
BRF:0
BRH:0
end_of_record
TN:
SF:src/lib/designTokens.ts
FN:1,(empty-report)
FNF:1
FNH:0
FNDA:0,(empty-report)
DA:1,0
DA:12,0
DA:13,0
DA:14,0
DA:15,0
DA:16,0
DA:17,0
DA:18,0
DA:19,0
DA:20,0
DA:21,0
DA:22,0
DA:23,0
DA:24,0
DA:25,0
DA:26,0
DA:27,0
DA:28,0
DA:29,0
DA:30,0
DA:31,0
DA:32,0
DA:33,0
DA:34,0
DA:35,0
DA:36,0
DA:37,0
DA:38,0
DA:39,0
DA:40,0
DA:41,0
DA:42,0
DA:43,0
DA:44,0
DA:45,0
DA:46,0
DA:47,0
DA:48,0
DA:49,0
DA:50,0
DA:51,0
DA:52,0
DA:53,0
DA:54,0
DA:55,0
DA:56,0
DA:57,0
DA:58,0
DA:59,0
DA:60,0
DA:61,0
DA:62,0
DA:63,0
DA:64,0
DA:65,0
DA:66,0
DA:67,0
DA:68,0
DA:69,0
DA:70,0
DA:71,0
DA:72,0
DA:73,0
DA:74,0
DA:75,0
DA:76,0
DA:77,0
DA:78,0
DA:79,0
DA:80,0
DA:81,0
DA:82,0
DA:83,0
DA:84,0
DA:85,0
DA:86,0
DA:87,0
DA:88,0
DA:89,0
DA:90,0
DA:91,0
DA:94,0
DA:95,0
DA:96,0
DA:97,0
DA:98,0
DA:99,0
DA:100,0
DA:101,0
DA:102,0
DA:103,0
DA:104,0
DA:105,0
DA:106,0
DA:107,0
DA:108,0
DA:109,0
DA:110,0
DA:111,0
DA:112,0
DA:113,0
DA:114,0
DA:115,0
DA:121,0
DA:122,0
DA:123,0
DA:124,0
DA:125,0
DA:126,0
DA:127,0
DA:128,0
DA:129,0
DA:130,0
DA:136,0
DA:137,0
DA:138,0
DA:139,0
DA:140,0
DA:141,0
DA:142,0
DA:143,0
DA:144,0
DA:145,0
DA:146,0
DA:147,0
DA:148,0
DA:149,0
DA:150,0
DA:151,0
DA:152,0
DA:153,0
DA:154,0
DA:155,0
DA:156,0
DA:157,0
DA:158,0
DA:159,0
DA:160,0
DA:161,0
DA:162,0
DA:163,0
DA:164,0
DA:165,0
DA:166,0
DA:167,0
DA:168,0
DA:169,0
DA:170,0
DA:171,0
DA:172,0
DA:173,0
DA:174,0
DA:175,0
DA:176,0
DA:177,0
DA:178,0
DA:179,0
DA:180,0
DA:181,0
DA:182,0
DA:183,0
DA:184,0
DA:185,0
DA:186,0
DA:187,0
DA:188,0
DA:189,0
DA:190,0
DA:191,0
DA:192,0
DA:193,0
DA:194,0
DA:195,0
DA:196,0
DA:197,0
DA:200,0
DA:201,0
DA:202,0
DA:203,0
DA:204,0
DA:205,0
DA:206,0
DA:212,0
DA:213,0
DA:214,0
DA:215,0
DA:216,0
DA:217,0
DA:218,0
DA:219,0
DA:220,0
DA:226,0
DA:227,0
DA:228,0
DA:229,0
DA:230,0
DA:231,0
DA:232,0
DA:233,0
DA:234,0
DA:235,0
DA:241,0
DA:242,0
DA:243,0
DA:244,0
DA:245,0
DA:246,0
DA:252,0
DA:253,0
DA:254,0
DA:255,0
DA:256,0
DA:257,0
DA:258,0
DA:259,0
DA:260,0
DA:261,0
DA:267,0
DA:268,0
DA:269,0
DA:270,0
DA:271,0
DA:272,0
DA:273,0
DA:282,0
DA:283,0
DA:284,0
DA:285,0
DA:290,0
DA:291,0
DA:292,0
DA:297,0
DA:298,0
DA:299,0
DA:304,0
DA:305,0
DA:306,0
DA:307,0
DA:308,0
DA:309,0
LF:240
LH:0
BRDA:1,0,0,0
BRF:1
BRH:0
end_of_record
TN:
SF:src/lib/errorUtils.ts
FN:10,statusToMessage
FN:29,toUserFriendlyError
FNF:2
FNH:2
FNDA:5,statusToMessage
FNDA:13,toUserFriendlyError
DA:1,1
DA:10,5
DA:11,5
DA:12,5
DA:13,0
DA:14,5
DA:15,1
DA:16,5
DA:17,1
DA:18,5
DA:19,1
DA:20,5
DA:21,1
DA:22,5
DA:23,1
DA:24,5
DA:25,0
DA:26,5
DA:27,5
DA:29,1
DA:31,13
DA:32,7
DA:33,7
DA:34,7
DA:35,7
DA:36,7
DA:37,7
DA:38,7
DA:39,7
DA:40,7
DA:41,7
DA:42,7
DA:45,6
DA:46,13
DA:49,13
DA:50,13
DA:51,1
DA:52,1
DA:53,1
DA:54,1
DA:55,1
DA:56,1
DA:57,1
DA:59,5
DA:60,5
DA:61,5
DA:62,5
DA:63,5
LF:48
LH:46
BRDA:10,0,0,5
BRDA:12,1,0,0
BRDA:14,2,0,1
BRDA:16,3,0,1
BRDA:18,4,0,1
BRDA:20,5,0,1
BRDA:22,6,0,1
BRDA:24,7,0,0
BRDA:29,8,0,13
BRDA:31,9,0,7
BRDA:34,10,0,2
BRDA:34,11,0,6
BRDA:34,12,0,1
BRDA:35,13,0,5
BRDA:42,14,0,6
BRDA:46,15,0,4
BRDA:46,16,0,4
BRDA:46,17,0,0
BRDA:50,18,0,1
BRDA:57,19,0,5
BRF:20
BRH:17
end_of_record
TN:
SF:src/lib/formatUtils.ts
FN:6,formatNumber
FN:23,formatCurrency
FN:39,parseNumberInput
FN:77,formatNumberForInput
FN:88,formatNumberForInputFocused
FNF:5
FNH:5
FNDA:10,formatNumber
FNDA:2,formatCurrency
FNDA:17,parseNumberInput
FNDA:7,formatNumberForInput
FNDA:6,formatNumberForInputFocused
DA:1,1
DA:6,1
DA:7,10
DA:8,2
DA:9,2
DA:10,8
DA:11,10
DA:12,4
DA:13,4
DA:14,4
DA:15,4
DA:16,4
DA:17,4
DA:18,4
DA:19,4
DA:20,4
DA:21,4
DA:23,1
DA:24,2
DA:25,2
DA:26,2
DA:27,2
DA:28,2
DA:29,2
DA:30,2
DA:39,1
DA:40,17
DA:44,15
DA:45,15
DA:47,15
DA:48,17
DA:51,8
DA:52,17
DA:55,4
DA:56,4
DA:58,4
DA:59,4
DA:60,0
DA:61,0
DA:62,7
DA:64,3
DA:65,3
DA:67,15
DA:68,17
DA:69,17
DA:77,1
DA:78,7
DA:79,5
DA:80,5
DA:88,1
DA:89,6
DA:91,4
DA:92,6
DA:94,2
DA:95,2
DA:96,2
DA:97,2
LF:57
LH:55
BRDA:6,0,0,10
BRDA:7,1,0,9
BRDA:7,2,0,8
BRDA:7,3,0,2
BRDA:9,4,0,8
BRDA:11,5,0,4
BRDA:23,6,0,2
BRDA:39,7,0,17
BRDA:40,8,0,15
BRDA:40,9,0,2
BRDA:40,10,0,15
BRDA:48,11,0,8
BRDA:52,12,0,7
BRDA:52,13,0,4
BRDA:59,14,0,0
BRDA:62,15,0,3
BRDA:65,16,0,15
BRDA:68,17,0,3
BRDA:68,18,0,12
BRDA:77,19,0,7
BRDA:78,20,0,6
BRDA:78,21,0,2
BRDA:78,22,0,5
BRDA:88,23,0,6
BRDA:89,24,0,5
BRDA:89,25,0,2
BRDA:89,26,0,4
BRDA:92,27,0,2
BRF:28
BRH:27
end_of_record
TN:
SF:src/lib/logger.ts
FN:24,formatLogEntry
FN:33,formatConsoleMessage
FN:41,normalizeContext
FN:53,log
FN:61,warn
FN:67,error
FN:76,debug
FN:84,info
FNF:8
FNH:8
FNDA:20,formatLogEntry
FNDA:20,formatConsoleMessage
FNDA:20,normalizeContext
FNDA:7,log
FNDA:3,warn
FNDA:4,error
FNDA:4,debug
FNDA:2,info
DA:1,1
DA:8,1
DA:9,1
DA:10,0
DA:11,0
DA:24,20
DA:25,20
DA:26,20
DA:27,20
DA:28,20
DA:29,20
DA:30,20
DA:31,20
DA:33,20
DA:34,20
DA:35,20
DA:36,14
DA:37,14
DA:38,6
DA:39,6
DA:41,20
DA:42,20
DA:43,3
DA:44,20
DA:45,8
DA:46,17
DA:47,3
DA:48,3
DA:49,6
DA:50,6
DA:52,1
DA:53,1
DA:54,7
DA:55,7
DA:56,7
DA:57,7
DA:58,7
DA:59,7
DA:61,1
DA:62,3
DA:63,3
DA:64,3
DA:65,3
DA:67,1
DA:68,4
DA:69,4
DA:70,4
DA:71,4
DA:72,1
DA:73,1
DA:74,4
DA:76,1
DA:77,4
DA:78,4
DA:79,4
DA:80,4
DA:81,4
DA:82,4
DA:84,1
DA:85,2
DA:86,2
DA:87,2
DA:88,2
DA:89,2
DA:90,2
DA:91,1
LF:66
LH:64
BRDA:9,0,0,0
BRDA:10,1,0,0
BRDA:24,2,0,20
BRDA:33,3,0,20
BRDA:35,4,0,14
BRDA:37,5,0,6
BRDA:41,6,0,20
BRDA:42,7,0,3
BRDA:44,8,0,17
BRDA:44,9,0,10
BRDA:44,10,0,8
BRDA:46,11,0,9
BRDA:46,12,0,3
BRDA:48,13,0,6
BRDA:53,14,0,7
BRDA:61,15,0,3
BRDA:67,16,0,4
BRDA:71,17,0,1
BRDA:76,18,0,4
BRDA:84,19,0,2
BRF:20
BRH:18
end_of_record
TN:
SF:src/lib/sidebarMenuItems.ts
FN:1,(empty-report)
FNF:1
FNH:0
FNDA:0,(empty-report)
DA:1,0
DA:13,0
DA:14,0
DA:15,0
DA:16,0
DA:17,0
DA:18,0
DA:19,0
DA:20,0
DA:21,0
DA:22,0
DA:23,0
DA:24,0
DA:25,0
DA:26,0
DA:27,0
DA:28,0
DA:29,0
DA:30,0
DA:31,0
DA:32,0
DA:33,0
DA:34,0
DA:35,0
DA:36,0
DA:37,0
DA:38,0
DA:39,0
DA:40,0
DA:41,0
DA:42,0
DA:43,0
DA:44,0
DA:45,0
DA:46,0
DA:47,0
DA:48,0
DA:49,0
DA:50,0
DA:51,0
DA:52,0
DA:53,0
DA:54,0
DA:55,0
DA:56,0
DA:57,0
DA:58,0
DA:59,0
DA:60,0
DA:61,0
DA:62,0
DA:63,0
DA:64,0
DA:65,0
DA:67,0
DA:68,0
DA:69,0
DA:70,0
DA:71,0
DA:72,0
DA:73,0
DA:74,0
DA:76,0
DA:77,0
DA:78,0
DA:79,0
DA:80,0
DA:81,0
LF:68
LH:0
BRDA:1,0,0,0
BRF:1
BRH:0
end_of_record
TN:
SF:src/lib/supabase.ts
FN:32,getSession
FN:35,getUser
FN:39,setSession
FN:43,signInWithPassword
FN:49,signOut
FN:53,onAuthStateChange
FN:58,from
FNF:7
FNH:0
FNDA:0,getSession
FNDA:0,getUser
FNDA:0,setSession
FNDA:0,signInWithPassword
FNDA:0,signOut
FNDA:0,onAuthStateChange
FNDA:0,from
DA:1,1
DA:5,1
DA:6,1
DA:7,1
DA:8,1
DA:10,1
DA:11,1
DA:12,1
DA:13,1
DA:16,1
DA:17,1
DA:18,1
DA:20,1
DA:21,0
DA:22,0
DA:24,1
DA:26,1
DA:27,0
DA:28,1
DA:30,1
DA:31,1
DA:32,1
DA:33,0
DA:34,0
DA:35,1
DA:37,0
DA:38,0
DA:39,1
DA:41,0
DA:42,0
DA:43,1
DA:44,0
DA:45,0
DA:46,0
DA:47,0
DA:48,0
DA:49,1
DA:51,0
DA:52,0
DA:53,1
DA:55,0
DA:56,0
DA:57,1
DA:58,1
DA:59,0
DA:60,0
DA:61,0
DA:62,0
DA:63,0
DA:64,0
DA:65,0
DA:66,1
DA:67,1
DA:70,1
DA:71,1
LF:55
LH:30
BRDA:20,0,0,0
BRDA:20,1,0,0
BRDA:26,2,0,0
BRDA:26,3,0,0
BRF:4
BRH:0
end_of_record
TN:
SF:src/lib/utils.ts
FN:1,(empty-report)
FNF:1
FNH:0
FNDA:0,(empty-report)
DA:1,0
DA:3,0
DA:4,0
DA:5,0
LF:4
LH:0
BRDA:1,0,0,0
BRF:1
BRH:0
end_of_record
TN:
SF:src/schemas/auth.ts
FN:1,(empty-report)
FNF:1
FNH:0
FNDA:0,(empty-report)
DA:1,0
DA:3,0
DA:4,0
DA:5,0
DA:6,0
DA:8,0
DA:9,0
DA:10,0
DA:11,0
DA:12,0
LF:10
LH:0
BRDA:1,0,0,0
BRF:1
BRH:0
end_of_record
TN:
SF:src/services/api.ts
FN:29,getMe
FN:42,verifyPassword
FN:48,adminCreateUser
FN:53,createUser
FN:65,getUsers
FN:91,updateUser
FN:103,getUserBrandIds
FN:110,deleteUser
FN:127,getBrands
FN:173,adminGetBrands
FN:195,adminCreateBrand
FN:200,adminUpdateBrand
FN:205,adminDeleteBrand
FN:222,adminGetModels
FN:230,adminCreateModel
FN:235,adminUpdateModel
FN:240,adminDeleteModel
FN:245,getKpis
FN:251,adminUpdateKpiFormula
FN:256,adminBulkUpdateKpiStatus
FN:261,adminBulkUpdateKpiCategory
FN:266,adminBulkDeleteKpis
FN:276,adminCreateKpi
FN:287,adminUpdateKpi
FN:297,adminDeleteKpi
FN:307,getKpiSources
FN:317,getKpiFormula
FN:326,getKpiCategories
FN:336,getKpiUnits
FN:342,adminCreateCategory
FN:347,adminUpdateCategory
FN:352,adminDeleteCategory
FN:357,adminCreateUnit
FN:362,adminDeleteUnit
FN:367,getBrandKpis
FN:377,getKpiCumulativeSources
FN:379,getKpiFormulas
FN:381,getKpiMonthlyReports
FN:383,getKpiDailyReports
FN:391,getBrandKpiTargets
FN:399,saveKpiDailyReport
FN:403,saveBrandKpiMonthlyTarget
FN:407,saveBrandKpiYearlyTarget
FN:411,saveKpiReport
FN:416,getBrandKpiMappings
FN:418,addBrandKpiMapping
FN:419,deleteBrandKpiMapping
FN:421,getKpiDetails
FN:424,getBrandKpiYearlyTargets
FN:427,getKpiMonthlyReportsForUser
FN:435,getUserSummary
FN:436,getUserActivities
FN:437,deleteKpiReport
FN:438,deleteBrandKpiYearlyTarget
FN:453,getModelBasedSales
FN:458,saveModelBasedSales
FN:470,saveModelBasedSalesBulk
FNF:57
FNH:21
FNDA:3,getMe
FNDA:1,verifyPassword
FNDA:1,adminCreateUser
FNDA:1,createUser
FNDA:2,getUsers
FNDA:1,updateUser
FNDA:2,getUserBrandIds
FNDA:1,deleteUser
FNDA:2,getBrands
FNDA:1,adminGetBrands
FNDA:1,adminCreateBrand
FNDA:0,adminUpdateBrand
FNDA:0,adminDeleteBrand
FNDA:0,adminGetModels
FNDA:0,adminCreateModel
FNDA:0,adminUpdateModel
FNDA:0,adminDeleteModel
FNDA:0,getKpis
FNDA:0,adminUpdateKpiFormula
FNDA:0,adminBulkUpdateKpiStatus
FNDA:0,adminBulkUpdateKpiCategory
FNDA:0,adminBulkDeleteKpis
FNDA:0,adminCreateKpi
FNDA:0,adminUpdateKpi
FNDA:0,adminDeleteKpi
FNDA:0,getKpiSources
FNDA:0,getKpiFormula
FNDA:0,getKpiCategories
FNDA:0,getKpiUnits
FNDA:0,adminCreateCategory
FNDA:0,adminUpdateCategory
FNDA:0,adminDeleteCategory
FNDA:0,adminCreateUnit
FNDA:0,adminDeleteUnit
FNDA:1,getBrandKpis
FNDA:4,getKpiCumulativeSources
FNDA:1,getKpiFormulas
FNDA:1,getKpiMonthlyReports
FNDA:3,getKpiDailyReports
FNDA:1,getBrandKpiTargets
FNDA:0,saveKpiDailyReport
FNDA:0,saveBrandKpiMonthlyTarget
FNDA:0,saveBrandKpiYearlyTarget
FNDA:0,saveKpiReport
FNDA:1,getBrandKpiMappings
FNDA:0,addBrandKpiMapping
FNDA:0,deleteBrandKpiMapping
FNDA:1,getKpiDetails
FNDA:1,getBrandKpiYearlyTargets
FNDA:1,getKpiMonthlyReportsForUser
FNDA:0,getUserSummary
FNDA:0,getUserActivities
FNDA:0,deleteKpiReport
FNDA:0,deleteBrandKpiYearlyTarget
FNDA:0,getModelBasedSales
FNDA:0,saveModelBasedSales
FNDA:0,saveModelBasedSalesBulk
DA:1,1
DA:29,3
DA:30,3
DA:33,3
DA:34,3
DA:35,3
DA:36,3
DA:37,3
DA:38,3
DA:39,3
DA:40,3
DA:42,1
DA:44,1
DA:45,1
DA:46,1
DA:48,1
DA:49,1
DA:50,1
DA:51,1
DA:53,1
DA:60,1
DA:61,1
DA:62,1
DA:63,1
DA:65,2
DA:70,2
DA:71,2
DA:72,2
DA:73,2
DA:74,2
DA:75,2
DA:76,2
DA:77,2
DA:80,2
DA:81,2
DA:82,2
DA:83,2
DA:84,2
DA:85,2
DA:86,2
DA:87,2
DA:88,2
DA:89,2
DA:91,1
DA:98,1
DA:99,1
DA:100,1
DA:101,1
DA:103,2
DA:104,2
DA:105,2
DA:106,2
DA:107,2
DA:108,2
DA:110,1
DA:111,1
DA:112,1
DA:113,1
DA:114,1
DA:115,1
DA:127,2
DA:131,2
DA:132,2
DA:133,2
DA:134,2
DA:137,2
DA:138,1
DA:139,2
DA:140,0
DA:141,0
DA:142,0
DA:143,1
DA:144,1
DA:148,2
DA:149,0
DA:150,0
DA:151,0
DA:152,0
DA:153,0
DA:154,0
DA:155,0
DA:157,0
DA:158,0
DA:159,0
DA:160,0
DA:161,0
DA:162,0
DA:163,0
DA:164,0
DA:165,0
DA:166,0
DA:167,0
DA:169,2
DA:170,2
DA:173,1
DA:174,1
DA:175,1
DA:176,1
DA:177,1
DA:181,1
DA:182,0
DA:183,0
DA:184,0
DA:185,0
DA:186,0
DA:187,0
DA:188,0
DA:189,0
DA:190,0
DA:192,1
DA:193,1
DA:195,1
DA:196,1
DA:197,1
DA:198,1
DA:200,0
DA:201,0
DA:202,0
DA:203,0
DA:205,0
DA:206,0
DA:207,0
DA:208,0
DA:222,0
DA:223,0
DA:224,0
DA:225,0
DA:226,0
DA:227,0
DA:228,0
DA:230,0
DA:231,0
DA:232,0
DA:233,0
DA:235,0
DA:236,0
DA:237,0
DA:238,0
DA:240,0
DA:241,0
DA:242,0
DA:243,0
DA:245,0
DA:246,0
DA:247,0
DA:248,0
DA:251,0
DA:252,0
DA:253,0
DA:254,0
DA:256,0
DA:257,0
DA:258,0
DA:259,0
DA:261,0
DA:262,0
DA:263,0
DA:264,0
DA:266,0
DA:267,0
DA:268,0
DA:269,0
DA:276,0
DA:277,0
DA:278,0
DA:279,0
DA:287,0
DA:288,0
DA:289,0
DA:290,0
DA:297,0
DA:298,0
DA:299,0
DA:300,0
DA:307,0
DA:308,0
DA:309,0
DA:310,0
DA:317,0
DA:318,0
DA:319,0
DA:320,0
DA:326,0
DA:327,0
DA:328,0
DA:329,0
DA:330,0
DA:336,0
DA:337,0
DA:338,0
DA:339,0
DA:340,0
DA:342,0
DA:343,0
DA:344,0
DA:345,0
DA:347,0
DA:348,0
DA:349,0
DA:350,0
DA:352,0
DA:353,0
DA:354,0
DA:355,0
DA:357,0
DA:358,0
DA:359,0
DA:360,0
DA:362,0
DA:363,0
DA:364,0
DA:365,0
DA:367,1
DA:368,1
DA:370,1
DA:372,1
DA:373,1
DA:374,0
DA:375,0
DA:376,1
DA:377,1
DA:378,4
DA:379,1
DA:380,1
DA:381,1
DA:382,1
DA:383,1
DA:384,3
DA:385,3
DA:386,3
DA:387,3
DA:388,0
DA:389,0
DA:390,3
DA:391,1
DA:392,1
DA:393,1
DA:394,1
DA:395,1
DA:396,0
DA:397,0
DA:398,1
DA:399,1
DA:400,0
DA:401,0
DA:402,0
DA:403,1
DA:404,0
DA:405,0
DA:406,0
DA:407,1
DA:408,0
DA:409,0
DA:410,0
DA:411,1
DA:412,0
DA:413,0
DA:414,0
DA:416,1
DA:417,1
DA:418,1
DA:419,1
DA:421,1
DA:422,1
DA:424,1
DA:425,1
DA:427,1
DA:428,1
DA:429,0
DA:430,0
DA:431,1
DA:432,1
DA:435,1
DA:436,1
DA:437,1
DA:438,1
DA:453,0
DA:454,0
DA:455,0
DA:456,0
DA:458,0
DA:459,0
DA:460,0
DA:461,0
DA:462,0
DA:463,0
DA:464,0
DA:465,0
DA:466,0
DA:467,0
DA:468,0
DA:470,0
DA:471,0
DA:472,0
DA:473,0
DA:474,0
DA:475,0
DA:476,0
DA:477,0
DA:478,0
DA:479,0
DA:480,0
DA:482,0
DA:483,0
DA:484,0
LF:305
LH:129
BRDA:29,0,0,3
BRDA:34,1,0,2
BRDA:36,2,0,0
BRDA:37,3,0,1
BRDA:37,4,0,0
BRDA:38,5,0,2
BRDA:42,6,0,1
BRDA:48,7,0,1
BRDA:53,8,0,1
BRDA:65,9,0,2
BRDA:72,10,0,0
BRDA:73,11,0,0
BRDA:75,12,0,0
BRDA:76,13,0,1
BRDA:76,14,0,1
BRDA:77,15,0,1
BRDA:77,16,0,1
BRDA:91,17,0,1
BRDA:103,18,0,2
BRDA:105,19,0,0
BRDA:106,20,0,0
BRDA:107,21,0,1
BRDA:110,22,0,1
BRDA:127,23,0,2
BRDA:132,24,0,0
BRDA:133,25,0,0
BRDA:137,26,0,1
BRDA:137,27,0,1
BRDA:137,28,0,1
BRDA:148,29,0,1
BRDA:148,30,0,0
BRDA:148,31,0,0
BRDA:138,32,0,2
BRDA:139,33,0,0
BRDA:173,34,0,1
BRDA:175,35,0,0
BRDA:176,36,0,0
BRDA:181,37,0,0
BRDA:181,38,0,0
BRDA:181,39,0,0
BRDA:195,40,0,1
BRDA:367,41,0,1
BRDA:373,42,0,0
BRDA:377,43,0,4
BRDA:378,44,0,2
BRDA:379,45,0,1
BRDA:380,46,0,1
BRDA:381,47,0,1
BRDA:382,48,0,1
BRDA:383,49,0,3
BRDA:385,50,0,1
BRDA:385,51,0,2
BRDA:385,52,0,1
BRDA:385,53,0,2
BRDA:387,54,0,0
BRDA:391,55,0,1
BRDA:393,56,0,0
BRDA:393,57,0,0
BRDA:395,58,0,0
BRDA:416,59,0,1
BRDA:417,60,0,1
BRDA:421,61,0,1
BRDA:422,62,0,1
BRDA:424,63,0,1
BRDA:425,64,0,1
BRDA:427,65,0,1
BRDA:428,66,0,0
BRDA:431,67,0,1
BRF:68
BRH:45
end_of_record
TN:
SF:src/services/audit.ts
FN:1,(empty-report)
FNF:1
FNH:0
FNDA:0,(empty-report)
DA:1,0
DA:8,0
DA:9,0
DA:11,0
DA:12,0
DA:13,0
DA:14,0
DA:15,0
DA:17,0
DA:18,0
DA:19,0
DA:20,0
DA:21,0
DA:22,0
DA:23,0
DA:24,0
DA:25,0
DA:26,0
DA:29,0
DA:30,0
DA:32,0
DA:33,0
DA:34,0
DA:35,0
DA:36,0
DA:37,0
DA:38,0
DA:39,0
DA:40,0
LF:29
LH:0
BRDA:1,0,0,0
BRF:1
BRH:0
end_of_record
TN:
SF:src/services/roles.ts
FN:1,(empty-report)
FNF:1
FNH:0
FNDA:0,(empty-report)
DA:1,0
DA:28,0
DA:29,0
DA:30,0
DA:31,0
DA:32,0
DA:34,0
DA:35,0
DA:36,0
DA:37,0
DA:38,0
DA:40,0
DA:41,0
DA:42,0
DA:43,0
DA:44,0
DA:45,0
DA:47,0
DA:48,0
DA:49,0
DA:50,0
DA:51,0
DA:52,0
DA:54,0
DA:55,0
DA:56,0
LF:26
LH:0
BRDA:1,0,0,0
BRF:1
BRH:0
end_of_record
TN:
SF:src/utils/apiList.ts
FN:6,getListItems
FNF:1
FNH:1
FNDA:33,getListItems
DA:1,1
DA:6,1
DA:7,33
DA:8,33
DA:9,28
DA:10,28
DA:11,28
DA:12,17
DA:13,17
DA:14,28
DA:15,6
DA:16,6
DA:17,28
DA:18,15
DA:19,1
DA:20,1
DA:21,9
DA:22,15
DA:23,0
DA:24,0
DA:25,33
LF:21
LH:19
BRDA:6,0,0,33
BRDA:8,1,0,31
BRDA:8,2,0,28
BRDA:11,3,0,20
BRDA:11,4,0,20
BRDA:11,5,0,18
BRDA:11,6,0,17
BRDA:13,7,0,15
BRDA:13,8,0,11
BRDA:14,9,0,6
BRDA:14,10,0,6
BRDA:17,11,0,15
BRDA:17,12,0,10
BRDA:18,13,0,1
BRDA:20,14,0,9
BRDA:22,15,0,0
BRF:16
BRH:15
end_of_record
TN:
SF:src/utils/deviceDetection.ts
FN:1,(empty-report)
FNF:1
FNH:0
FNDA:0,(empty-report)
DA:1,0
DA:9,0
DA:10,0
DA:13,0
DA:14,0
DA:15,0
DA:18,0
DA:19,0
DA:20,0
DA:21,0
DA:27,0
DA:28,0
DA:30,0
DA:31,0
DA:32,0
DA:33,0
DA:36,0
DA:37,0
DA:38,0
DA:39,0
DA:45,0
DA:46,0
DA:47,0
DA:53,0
DA:54,0
DA:55,0
DA:61,0
DA:62,0
DA:63,0
DA:64,0
DA:65,0
LF:31
LH:0
BRDA:1,0,0,0
BRF:1
BRH:0
end_of_record
TN:
SF:src/utils/kpiPayload.ts
FN:4,toBackendPayload
FNF:1
FNH:1
FNDA:5,toBackendPayload
DA:1,1
DA:4,1
DA:19,5
DA:21,5
DA:22,5
DA:23,5
DA:24,5
DA:25,5
DA:26,5
DA:27,5
DA:28,5
DA:29,5
DA:30,5
DA:31,5
DA:32,5
DA:33,5
DA:34,5
DA:36,5
DA:37,5
DA:38,1
DA:39,4
DA:40,0
DA:41,4
DA:42,1
DA:43,3
DA:45,5
LF:26
LH:25
BRDA:4,0,0,5
BRDA:22,1,0,0
BRDA:23,2,0,0
BRDA:29,3,0,4
BRDA:30,4,0,4
BRDA:31,5,0,4
BRDA:32,6,0,4
BRDA:34,7,0,4
BRDA:37,8,0,1
BRDA:37,9,0,1
BRDA:38,10,0,4
BRDA:39,11,0,0
BRDA:41,12,0,1
BRDA:41,13,0,1
BRDA:42,14,0,3
BRF:15
BRH:12
end_of_record
TN:
SF:src/utils/toast.ts
FN:4,showSuccessToast
FN:8,showErrorToast
FN:12,showWarningToast
FN:16,showInfoToast
FN:21,showApiSuccessToast
FN:28,showApiErrorToast
FN:36,showValidationErrorToast
FN:44,showNetworkErrorToast
FN:52,showPermissionErrorToast
FN:60,showLoadingToast
FN:68,updateLoadingToast
FNF:11
FNH:11
FNDA:2,showSuccessToast
FNDA:2,showErrorToast
FNDA:2,showWarningToast
FNDA:2,showInfoToast
FNDA:1,showApiSuccessToast
FNDA:2,showApiErrorToast
FNDA:2,showValidationErrorToast
FNDA:1,showNetworkErrorToast
FNDA:1,showPermissionErrorToast
FNDA:1,showLoadingToast
FNDA:2,updateLoadingToast
DA:1,1
DA:4,1
DA:5,2
DA:6,2
DA:8,1
DA:9,2
DA:10,2
DA:12,1
DA:13,2
DA:14,2
DA:16,1
DA:17,2
DA:18,2
DA:21,1
DA:22,1
DA:23,1
DA:24,1
DA:25,1
DA:26,1
DA:28,1
DA:29,2
DA:30,2
DA:31,2
DA:32,2
DA:33,2
DA:36,1
DA:37,2
DA:38,2
DA:39,2
DA:40,2
DA:41,2
DA:44,1
DA:45,1
DA:46,1
DA:47,1
DA:48,1
DA:49,1
DA:52,1
DA:53,1
DA:54,1
DA:55,1
DA:56,1
DA:57,1
DA:60,1
DA:61,1
DA:62,1
DA:63,1
DA:64,1
DA:65,1
DA:66,1
DA:68,1
DA:69,2
DA:70,2
DA:71,1
DA:72,1
DA:73,1
DA:74,1
DA:75,1
DA:76,1
DA:77,1
DA:78,1
DA:79,1
DA:80,1
DA:81,2
LF:64
LH:64
BRDA:4,0,0,2
BRDA:8,1,0,2
BRDA:12,2,0,2
BRDA:16,3,0,2
BRDA:21,4,0,1
BRDA:28,5,0,2
BRDA:31,6,0,1
BRDA:36,7,0,2
BRDA:44,8,0,1
BRDA:52,9,0,1
BRDA:60,10,0,1
BRDA:68,11,0,2
BRDA:70,12,0,1
BRF:13
BRH:13
end_of_record
